2018-04-10 17:36:37 [INFO] [file_utils.py:152] requestId:
	expect is : <type 'str'> 5ab4d4bb4e52423c7cb4071a
	fact   is : <type 'str'> 5ab4d4654e52427283d930fb
2018-04-10 17:36:37 [INFO] [file_utils.py:152] priceFloor:
	expect is : <type 'NoneType'> None
	fact   is : <type 'int'> 0
2018-04-10 17:36:37 [INFO] [file_utils.py:152] timestamp:
	expect is : <type 'int'> 1521800379
	fact   is : <type 'int'> 1521800293
2018-04-10 17:36:37 [INFO] [file_utils.py:152] frameNum:
	expect is : <type 'NoneType'> None
	fact   is : <type 'int'> 0
2018-04-10 17:36:37 [INFO] [file_utils.py:152] nativeInfoList:
	expect is : <type 'NoneType'> None
	fact   is : <type 'list'> [{'adTemplate': 'MULTI_ELEMENT', 'requireNum': 0}]
2018-04-10 17:36:37 [INFO] [file_utils.py:152] rankerInfo:
	expect is : <type 'str'> {"power_rate":"80","charging":0,"total_memory":"63937.039062","residual_memory":"51297.835938","cid":"","lat":"","lng":"","gpst":"","gps_accuracy":"","gps_type":""}
	fact   is : <type 'str'> {"power_rate":80,"charging":0,"total_memory":"63937.039062","residual_memory":"51297.835938","cid":"","lat":"","lng":"","gpst":"","gps_accuracy":"","gps_type":"0"}
2018-04-10 17:36:37 [INFO] [file_utils.py:152] deviceModel:
	expect is : <type 'str'> iphone82c1
	fact   is : <type 'str'> iphone8%2c1
2018-04-10 17:36:37 [INFO] [file_utils.py:152] osVersionCode:
	expect is : <type 'int'> 110102
	fact   is : <type 'NoneType'> None
2018-04-10 17:36:37 [INFO] [file_utils.py:152] parentSessionId:
	expect is : <type 'str'> 5ab4d4bb4e52423c7c6b4070
	fact   is : <type 'str'> 5ab4d4654e52427283d930fd
2018-04-10 17:36:37 [INFO] [file_utils.py:152] sessionId:
	expect is : <type 'str'> 5ab4d4bb4e52423c7c6b406f
	fact   is : <type 'str'> 5ab4d4654e52427283d930fc
2018-04-10 17:36:37 [INFO] [file_utils.py:152] adnServerIp:
	expect is : <type 'str'> 192.168.1.185
	fact   is : <type 'str'> 13.228.233.14
2018-04-10 17:39:49 [INFO] [file_utils.py:152] requestId:
	expect is : <type 'str'> 5acc854bc6c1e2376cec0e38
	fact   is : <type 'str'> 5acc856ac6c1e23721636d9c
2018-04-10 17:39:49 [INFO] [file_utils.py:152] priceFloor:
	expect is : <type 'NoneType'> None
	fact   is : <type 'int'> 0
2018-04-10 17:39:49 [INFO] [file_utils.py:152] adTypeStr:
	expect is : <type 'str'> 
	fact   is : <type 'str'> online_video
2018-04-10 17:39:49 [INFO] [file_utils.py:152] timestamp:
	expect is : <type 'int'> 1523352907
	fact   is : <type 'int'> 1523352938
2018-04-10 17:39:49 [INFO] [file_utils.py:152] sdkVersion:
	expect is : <type 'str'> 
	fact   is : <type 'str'> 0
2018-04-10 17:39:49 [INFO] [file_utils.py:152] frameNum:
	expect is : <type 'NoneType'> None
	fact   is : <type 'int'> 0
2018-04-10 17:39:49 [INFO] [file_utils.py:152] videow:
	expect is : <type 'int'> 600
	fact   is : <type 'NoneType'> None
2018-04-10 17:39:49 [INFO] [file_utils.py:152] videoh:
	expect is : <type 'int'> 600
	fact   is : <type 'NoneType'> None
2018-04-10 17:39:49 [INFO] [file_utils.py:152] rankerInfo:
	expect is : <type 'str'> {"power_rate":0,"charging":0,"total_memory":"","residual_memory":"","cid":"","lat":"","lng":"","gpst":"","gps_accuracy":"","gps_type":""}
	fact   is : <type 'str'> {"power_rate":0,"charging":0,"total_memory":"","residual_memory":"","cid":"","lat":"","lng":"","gpst":"","gps_accuracy":"","gps_type":"0"}
2018-04-10 17:39:49 [INFO] [file_utils.py:152] deviceModel:
	expect is : <type 'str'> 
	fact   is : <type 'str'> 0
2018-04-10 17:39:49 [INFO] [file_utils.py:152] osVersionCode:
	expect is : <type 'int'> 0
	fact   is : <type 'NoneType'> None
2018-04-10 17:39:49 [INFO] [file_utils.py:152] parentSessionId:
	expect is : <type 'str'> 5acc854bc6c1e2376c6ec0e2
	fact   is : <type 'str'> 5acc856ac6c1e23721636da0
2018-04-10 17:39:49 [INFO] [file_utils.py:152] offset:
	expect is : <type 'int'> 1
	fact   is : <type 'NoneType'> None
2018-04-10 17:39:49 [INFO] [file_utils.py:152] deviceBrand:
	expect is : <type 'str'> 
	fact   is : <type 'str'> 0
2018-04-10 17:39:49 [INFO] [file_utils.py:152] unitSize:
	expect is : <type 'str'> 0x0
	fact   is : <type 'str'> 
2018-04-10 17:39:49 [INFO] [file_utils.py:152] sessionId:
	expect is : <type 'str'> 5acc854bc6c1e2376c6ec0e1
	fact   is : <type 'str'> 5acc856ac6c1e23721636d9f
2018-04-10 17:49:07 [INFO] [file_utils.py:152] requestId:
	expect is : <type 'str'> 5acc8862c6c1e237722ba737
	fact   is : <type 'str'> 5acc887bc6c1e23721636dc7
2018-04-10 17:49:07 [INFO] [file_utils.py:152] priceFloor:
	expect is : <type 'NoneType'> None
	fact   is : <type 'int'> 0
2018-04-10 17:49:07 [INFO] [file_utils.py:152] adTypeStr:
	expect is : <type 'str'> 
	fact   is : <type 'str'> online_video
2018-04-10 17:49:07 [INFO] [file_utils.py:152] timestamp:
	expect is : <type 'int'> 1523353698
	fact   is : <type 'int'> 1523353723
2018-04-10 17:49:07 [INFO] [file_utils.py:152] sdkVersion:
	expect is : <type 'str'> 
	fact   is : <type 'str'> 0
2018-04-10 17:49:07 [INFO] [file_utils.py:152] frameNum:
	expect is : <type 'NoneType'> None
	fact   is : <type 'int'> 0
2018-04-10 17:49:07 [INFO] [file_utils.py:152] rankerInfo:
	expect is : <type 'str'> {"power_rate":0,"charging":0,"total_memory":"","residual_memory":"","cid":"","lat":"","lng":"","gpst":"","gps_accuracy":"","gps_type":""}
	fact   is : <type 'str'> {"power_rate":0,"charging":0,"total_memory":"","residual_memory":"","cid":"","lat":"","lng":"","gpst":"","gps_accuracy":"","gps_type":"0"}
2018-04-10 17:49:07 [INFO] [file_utils.py:152] osVersionCode:
	expect is : <type 'int'> 110300
	fact   is : <type 'NoneType'> None
2018-04-10 17:49:07 [INFO] [file_utils.py:152] parentSessionId:
	expect is : <type 'str'> 5acc8862c6c1e2377262ba72
	fact   is : <type 'str'> 5acc887bc6c1e23721636dcb
2018-04-10 17:49:07 [INFO] [file_utils.py:152] offset:
	expect is : <type 'int'> 2
	fact   is : <type 'NoneType'> None
2018-04-10 17:49:07 [INFO] [file_utils.py:152] unitSize:
	expect is : <type 'str'> 0x0
	fact   is : <type 'str'> 
2018-04-10 17:49:07 [INFO] [file_utils.py:152] sessionId:
	expect is : <type 'str'> 5acc8862c6c1e2377262ba71
	fact   is : <type 'str'> 5acc887bc6c1e23721636dca
