2018-05-29 18:10:49 [INFO] [file_utils.py:156] url: build p, the size of key 95 is diff to size of value 97
2018-05-29 18:10:49 [INFO] [file_utils.py:156] url: build r, the size of key 1 is diff to size of value 8
2018-05-29 18:10:49 [DEBUG] [file_utils.py:158] ---------p----------
2018-05-29 18:10:49 [DEBUG] [file_utils.py:158] {
    "ext_adstacking": "", 
    "requestType": "", 
    "ext_trueNvt2": "", 
    "campaignId": "", 
    "ext_b2t": "", 
    "ext_stats": "", 
    "ext_dspRealAppid": "", 
    "extra20": "", 
    "ext_ifLowerImp": "", 
    "platform": "android", 
    "requestId": "", 
    "unitId": "", 
    "extra5": "", 
    "ext_packageName": "", 
    "extra6": "", 
    "imei": "", 
    "ext_bp": "", 
    "serverId": "", 
    "ext_threesInstallTime": "", 
    "ext_advInstallTime": "", 
    "ext_endcard": "", 
    "ext_systemUseragent": "", 
    "mobileCode": "", 
    "devId": "a4fadef6e65839f4", 
    "reduce": "", 
    "ext_algo": "", 
    "creativeId": "", 
    "deviceBrand": "Meizu", 
    "remoteIp": "", 
    "ext_creativeCdnFlag": "", 
    "ext_nativeVideo": "", 
    "extra12": "", 
    "extra13": "", 
    "extra10": "", 
    "extra11": "", 
    "extra16": "", 
    "extra17": ",", 
    "extra14": "", 
    "extra15": "1", 
    "networkType": "wifi", 
    "extra18": "", 
    "extra19": "", 
    "ext_source": "", 
    "language": "zh", 
    "publisherId": "", 
    "ext_priceIn": "", 
    "screenSize": "1080x1920", 
    "idfa": "", 
    "extra": "", 
    "ext_finalsubid": "", 
    "ext_installFrom": "", 
    "priceOut": "", 
    "ext_stats2": "", 
    "googleAdvertisingId": "98276d57-161f-4ed3-8eb0-e4b20747bc3a", 
    "ext_abtest1": "", 
    "ext_abtest2": "", 
    "ext_finalPackageName": "", 
    "sdkVersion": "mal_8.7.0", 
    "ext_btclass": "", 
    "ext_priceOut": "", 
    "appVersionName": "", 
    "orientation": "1", 
    "countryCode": "", 
    "ip": "39.109.124.93", 
    "advertiserId": "", 
    "ext_deleteDevid": "", 
    "ext_ctype": "", 
    "ext_thirdCid": "", 
    "ext_creativeSizeFlag": "", 
    "ext_rv_template": "", 
    "priceIn": "", 
    "deviceModel": "m3 note", 
    "extra2": "", 
    "extra3": "MNormalAlphaModelRanker_old_1.0.0;11;788;17;0;17;1;1_base", 
    "extra4": "5ae97a43e17b160c8534fab8", 
    "ext_attr": "", 
    "ext_channel": "", 
    "extra7": "", 
    "extra8": "", 
    "extra9": "", 
    "ext_playable": "", 
    "ext_nativex": "", 
    "ext_flowTagId": "", 
    "mac": "", 
    "parentSessionId": "5ae97a43e17b160c8534faba", 
    "appId": "", 
    "osVersion": "7.0", 
    "ext_nvt2": "", 
    "ext_reject": "", 
    "imageSize": "VIDEO", 
    "scenario": "", 
    "ext_cdnType": "", 
    "sessionId": "5ae97a43e17b160c8534fab9", 
    "ext_rushNoPre": "", 
    "adType": "rewarded_video"
}
2018-05-29 18:10:49 [DEBUG] [file_utils.py:158] ---------mp---------
2018-05-29 18:10:49 [DEBUG] [file_utils.py:158] None
2018-05-29 18:10:49 [DEBUG] [file_utils.py:158] ---------q----------
2018-05-29 18:10:49 [DEBUG] [file_utils.py:158] {
    "ext_adstacking": "", 
    "domain": "sg01.rayjump.com", 
    "countryCode": "HK", 
    "extra": "adnet_algo", 
    "requestType": "7", 
    "ext_endcard": "3", 
    "ext_finalsubid": "92762", 
    "advertiserId": "903", 
    "ext_b2t": "", 
    "ext_cdnType": "", 
    "ext_ctype": "1", 
    "creativeId": "2371971414", 
    "ext_rv_template": "1", 
    "ext_installFrom": "0", 
    "priceOut": "3.50", 
    "end": "-", 
    "ext_dspRealAppid": "0", 
    "ext_attr": "0", 
    "campaignId": "217299622", 
    "version": "2.0", 
    "requestId": "5ae97a43e17b160c854fb1b7", 
    "ext_channel": "", 
    "unitId": "21310", 
    "extra8": "-1", 
    "ext_playable": "0", 
    "ext_nativex": "2", 
    "ext_flowTagId": "1", 
    "extra5": "5ae97a43e17b160c8534fab8", 
    "priceIn": "3.50", 
    "ext_source": "540", 
    "ext_nativeVideo": "0", 
    "extra7": "20", 
    "extra12": "390", 
    "extra13": "1", 
    "extra10": "5", 
    "extra16": "9", 
    "extra14": "92762", 
    "appId": "92762", 
    "ext_abtest1": "", 
    "ext_abtest2": "0", 
    "extra19": "", 
    "ext_finalPackageName": "", 
    "ext_bp": "[\"3.50\",\"3.50\",\"1\",\"1\"]", 
    "scenario": "openapi", 
    "publisherId": "12441", 
    "ext_btclass": "0", 
    "ext_deleteDevid": "0", 
    "ext_rushNoPre": "", 
    "appVersionName": "1.0"
}
2018-05-29 18:10:49 [DEBUG] [file_utils.py:158] --------csp---------
2018-05-29 18:10:49 [DEBUG] [file_utils.py:158] None
2018-05-29 18:10:49 [DEBUG] [file_utils.py:158] ---------r----------
2018-05-29 18:10:49 [DEBUG] [file_utils.py:158] {
    "r": "{\"gid\":\"384cf5a7a2a4875d526b5f32e27e388e\",\"tpid\":0,\"crat\":8,\"adv_crid\":921086,\"icc\":1,\"glist\":\"201,2371971412,921086,"
}
2018-05-29 18:17:38 [ERROR] [file_utils.py:152] build q faild:
test: ['MW_adnum']
2018-05-29 18:17:38 [DEBUG] [file_utils.py:158] {
    "q": "MW_adnum"
}
