2018-04-19 18:33:27 [INFO] [file_utils.py:152] url: build p, the size of key 95 is diff to size of value 97
2018-04-19 18:33:27 [INFO] [file_utils.py:152] url: build r, the size of key 1 is diff to size of value 7
2018-04-19 18:33:27 [DEBUG] [file_utils.py:154] ---------p----------
2018-04-19 18:33:27 [DEBUG] [file_utils.py:154] {
    "ext_adstacking": "", 
    "requestType": "", 
    "ext_trueNvt2": "", 
    "campaignId": "", 
    "ext_b2t": "", 
    "ext_stats": "", 
    "ext_dspRealAppid": "", 
    "extra20": "", 
    "ext_ifLowerImp": "", 
    "platform": "ios", 
    "requestId": "", 
    "unitId": "", 
    "extra5": "", 
    "ext_packageName": "", 
    "extra6": "", 
    "imei": "", 
    "ext_bp": "", 
    "serverId": "", 
    "ext_threesInstallTime": "", 
    "ext_advInstallTime": "", 
    "ext_endcard": "", 
    "ext_systemUseragent": "", 
    "mobileCode": "46011", 
    "devId": "", 
    "reduce": "", 
    "ext_algo": "", 
    "creativeId": "", 
    "deviceBrand": "apple", 
    "remoteIp": "", 
    "ext_creativeCdnFlag": "", 
    "ext_nativeVideo": "", 
    "extra12": "", 
    "extra13": "", 
    "extra10": "", 
    "extra11": "", 
    "extra16": "", 
    "extra17": "B81E8193-5CAD-44E8-98BF-0FD8E7AA819A,", 
    "extra14": "", 
    "extra15": "1", 
    "networkType": "unknown", 
    "extra18": "", 
    "extra19": "", 
    "ext_source": "", 
    "language": "zh-Hans-CN", 
    "publisherId": "", 
    "ext_priceIn": "", 
    "screenSize": "375x667", 
    "idfa": "17DA62C2-6938-455A-95A7-12C5148036C5", 
    "extra": "", 
    "ext_finalsubid": "", 
    "ext_installFrom": "", 
    "priceOut": "", 
    "ext_stats2": "", 
    "googleAdvertisingId": "", 
    "ext_abtest1": "", 
    "ext_abtest2": "", 
    "ext_finalPackageName": "", 
    "sdkVersion": "mi_2.7.2", 
    "ext_btclass": "", 
    "ext_priceOut": "", 
    "appVersionName": "", 
    "orientation": "1", 
    "countryCode": "", 
    "ip": "39.109.124.93", 
    "advertiserId": "", 
    "ext_deleteDevid": "", 
    "ext_ctype": "", 
    "ext_thirdCid": "", 
    "ext_creativeSizeFlag": "", 
    "ext_rv_template": "", 
    "priceIn": "", 
    "deviceModel": "iphone9,1", 
    "extra2": "", 
    "extra3": "MNormalAlphaModelRanker_new_1.0.0;10;351;34;0;34;1;1_base", 
    "extra4": "5ad8706bc6c1e27d0b28b8eb", 
    "ext_attr": "", 
    "ext_channel": "", 
    "extra7": "", 
    "extra8": "", 
    "extra9": "", 
    "ext_playable": "", 
    "ext_nativex": "", 
    "ext_flowTagId": "", 
    "mac": "", 
    "parentSessionId": "5ad8706bc6c1e27d0b28b8ed", 
    "appId": "", 
    "osVersion": "10.3.2", 
    "ext_nvt2": "", 
    "ext_reject": "", 
    "imageSize": "1200x627", 
    "scenario": "", 
    "ext_cdnType": "", 
    "sessionId": "5ad8706bc6c1e27d0b28b8ec", 
    "ext_rushNoPre": "", 
    "adType": "native"
}
2018-04-19 18:33:27 [DEBUG] [file_utils.py:154] ---------mp---------
2018-04-19 18:33:27 [DEBUG] [file_utils.py:154] None
2018-04-19 18:33:27 [DEBUG] [file_utils.py:154] ---------q----------
2018-04-19 18:33:27 [DEBUG] [file_utils.py:154] {
    "ext_adstacking": "", 
    "domain": "sg01.rayjump.com", 
    "countryCode": "CN", 
    "extra": "adnet_adserver", 
    "requestType": "7", 
    "ext_endcard": "4", 
    "ext_finalsubid": "90919", 
    "advertiserId": "903", 
    "ext_b2t": "", 
    "ext_cdnType": "", 
    "ext_ctype": "1", 
    "creativeId": "2352621330", 
    "ext_rv_template": "0", 
    "ext_installFrom": "1", 
    "priceOut": "8.64", 
    "end": "-", 
    "ext_dspRealAppid": "0", 
    "ext_attr": "2", 
    "campaignId": "211400288", 
    "version": "2.0", 
    "requestId": "5ad8706bc6c1e27d0b8b8f07", 
    "ext_channel": "", 
    "unitId": "14795", 
    "extra8": "-1", 
    "ext_playable": "0", 
    "ext_nativex": "2", 
    "ext_flowTagId": "1", 
    "extra5": "5ad8706bc6c1e27d0b28b8eb", 
    "priceIn": "9.00", 
    "ext_source": "540", 
    "ext_nativeVideo": "0", 
    "extra7": "50", 
    "extra12": "390", 
    "extra13": "1", 
    "extra10": "0", 
    "extra16": "2", 
    "extra14": "90919", 
    "appId": "90919", 
    "ext_abtest1": "", 
    "ext_abtest2": "0", 
    "extra19": "", 
    "ext_finalPackageName": "id575826903", 
    "ext_bp": "[\"9.00\",\"8.64\",\"1\",\"1\"]", 
    "scenario": "openapi", 
    "publisherId": "9084", 
    "ext_btclass": "0", 
    "ext_deleteDevid": "0", 
    "ext_rushNoPre": "", 
    "appVersionName": "2.28.1"
}
2018-04-19 18:33:27 [DEBUG] [file_utils.py:154] --------csp---------
2018-04-19 18:33:27 [DEBUG] [file_utils.py:154] {
    "MW_adBackendData": "1:211400288:1", 
    "MW_tnum": "1", 
    "MW_randValue": "5329", 
    "MW_flowTagId": "1", 
    "MW_adBackend": "1", 
    "MW_backendConfig": "1::2", 
    "MW_adnum": "50"
}
2018-04-19 18:33:27 [DEBUG] [file_utils.py:154] ---------r----------
2018-04-19 18:33:27 [DEBUG] [file_utils.py:154] {
    "r": "{\"gid\":\"f57369809e934421aee88f2bb942cf6b\",\"tpid\":0,\"crat\":7,\"adv_crid\":0,\"icc\":1,\"glist\":\"406,2335700422,0,"
}
2018-04-19 18:33:44 [INFO] [file_utils.py:152] url: build p, the size of key 95 is diff to size of value 96
2018-04-19 18:33:44 [INFO] [file_utils.py:152] url: build r, the size of key 1 is diff to size of value 7
2018-04-19 18:33:44 [DEBUG] [file_utils.py:154] ---------p----------
2018-04-19 18:33:44 [DEBUG] [file_utils.py:154] {
    "ext_adstacking": "", 
    "requestType": "", 
    "ext_trueNvt2": "", 
    "campaignId": "", 
    "ext_b2t": "", 
    "ext_stats": "", 
    "ext_dspRealAppid": "", 
    "extra20": "", 
    "ext_ifLowerImp": "", 
    "platform": "ios", 
    "requestId": "", 
    "unitId": "", 
    "extra5": "", 
    "ext_packageName": "", 
    "extra6": "", 
    "imei": "", 
    "ext_bp": "", 
    "serverId": "", 
    "ext_threesInstallTime": "", 
    "ext_advInstallTime": "", 
    "ext_endcard": "", 
    "ext_systemUseragent": "", 
    "mobileCode": "46011", 
    "devId": "", 
    "reduce": "", 
    "ext_algo": "", 
    "creativeId": "", 
    "deviceBrand": "apple", 
    "remoteIp": "39.109.124.93", 
    "ext_creativeCdnFlag": "", 
    "ext_nativeVideo": "", 
    "extra12": "", 
    "extra13": "", 
    "extra10": "", 
    "extra11": "", 
    "extra16": "", 
    "extra17": "B81E8193-5CAD-44E8-98BF-0FD8E7AA819A,", 
    "extra14": "", 
    "extra15": "1", 
    "networkType": "unknown", 
    "extra18": "", 
    "extra19": "", 
    "ext_source": "", 
    "language": "zh-Hans-CN", 
    "publisherId": "", 
    "ext_priceIn": "", 
    "screenSize": "375x667", 
    "idfa": "17DA62C2-6938-455A-95A7-12C5148036C5", 
    "extra": "", 
    "ext_finalsubid": "", 
    "ext_installFrom": "", 
    "priceOut": "", 
    "ext_stats2": "", 
    "googleAdvertisingId": "", 
    "ext_abtest1": "", 
    "ext_abtest2": "", 
    "ext_finalPackageName": "", 
    "sdkVersion": "mi_2.7.2", 
    "ext_btclass": "", 
    "ext_priceOut": "", 
    "appVersionName": "", 
    "orientation": "1", 
    "countryCode": "", 
    "ip": "39.109.124.93", 
    "advertiserId": "", 
    "ext_deleteDevid": "", 
    "ext_ctype": "", 
    "ext_thirdCid": "", 
    "ext_creativeSizeFlag": "", 
    "ext_rv_template": "", 
    "priceIn": "", 
    "deviceModel": "iphone9,1", 
    "extra2": "", 
    "extra3": "MNormalAlphaModelRanker_old_1.0.0;10;351;34;0;34;1;1_base_avg", 
    "extra4": "5ad86f86c6c1e25f6d0bf336", 
    "ext_attr": "", 
    "ext_channel": "", 
    "extra7": "", 
    "extra8": "", 
    "extra9": "", 
    "ext_playable": "", 
    "ext_nativex": "", 
    "ext_flowTagId": "", 
    "mac": "", 
    "parentSessionId": "5ad86f86c6c1e25f6d10bf32", 
    "appId": "", 
    "osVersion": "10.3.2", 
    "ext_nvt2": "", 
    "ext_reject": "", 
    "imageSize": "1200x627", 
    "scenario": "", 
    "ext_cdnType": "", 
    "sessionId": "5ad86f86c6c1e25f6d10bf31", 
    "ext_rushNoPre": "", 
    "adType": "native"
}
2018-04-19 18:33:44 [DEBUG] [file_utils.py:154] ---------mp---------
2018-04-19 18:33:44 [DEBUG] [file_utils.py:154] None
2018-04-19 18:33:44 [DEBUG] [file_utils.py:154] ---------q----------
2018-04-19 18:33:44 [DEBUG] [file_utils.py:154] {
    "ext_adstacking": "0", 
    "domain": "sg01.rayjump.com", 
    "countryCode": "CN", 
    "extra": "ad_server", 
    "requestType": "7", 
    "ext_endcard": "3", 
    "ext_finalsubid": "90919", 
    "advertiserId": "903", 
    "ext_b2t": "", 
    "ext_cdnType": "0", 
    "ext_ctype": "1", 
    "creativeId": "2352621330", 
    "ext_rv_template": "", 
    "ext_installFrom": "1", 
    "priceOut": "8.64", 
    "end": "-", 
    "ext_dspRealAppid": "", 
    "ext_attr": "2", 
    "campaignId": "211400288", 
    "version": "2.0", 
    "requestId": "5ad86f86c6c1e25f6d0bf376", 
    "ext_channel": "0", 
    "unitId": "14795", 
    "extra8": "-1", 
    "ext_playable": "", 
    "ext_nativex": "2", 
    "ext_flowTagId": "1", 
    "extra5": "5ad86f86c6c1e25f6d0bf336", 
    "priceIn": "9", 
    "ext_source": "540", 
    "ext_nativeVideo": "0", 
    "extra7": "A1", 
    "extra12": "0", 
    "extra13": "1", 
    "extra10": "6", 
    "extra16": "2", 
    "extra14": "90919", 
    "appId": "90919", 
    "ext_abtest1": "1", 
    "ext_abtest2": "1", 
    "extra19": "", 
    "ext_finalPackageName": "id575826903", 
    "ext_bp": "[\"9\",\"8.64\",1,1]", 
    "scenario": "openapi", 
    "publisherId": "9084", 
    "ext_btclass": "", 
    "ext_deleteDevid": "", 
    "ext_rushNoPre": "0", 
    "appVersionName": "2.28.1"
}
2018-04-19 18:33:44 [DEBUG] [file_utils.py:154] --------csp---------
2018-04-19 18:33:44 [DEBUG] [file_utils.py:154] {
    "MW_adBackendData": "1:211400288:1", 
    "MW_tnum": "1", 
    "MW_randValue": "5329", 
    "MW_flowTagId": "1", 
    "MW_adBackend": "1", 
    "MW_backendConfig": "1::2", 
    "MW_adnum": "50"
}
2018-04-19 18:33:44 [DEBUG] [file_utils.py:154] ---------r----------
2018-04-19 18:33:44 [DEBUG] [file_utils.py:154] {
    "r": "{\"gid\":\"f57369809e934421aee88f2bb942cf6b\",\"tpid\":0,\"crat\":3,\"adv_crid\":\"854947\",\"icc\":1,\"glist\":\"106,2352621330,854947,0"
}
2018-04-19 18:34:03 [INFO] [file_utils.py:152] url: build p, the size of key 95 is diff to size of value 97
2018-04-19 18:34:03 [INFO] [file_utils.py:152] url: build r, the size of key 1 is diff to size of value 7
2018-04-19 18:34:03 [DEBUG] [file_utils.py:154] ---------p----------
2018-04-19 18:34:03 [DEBUG] [file_utils.py:154] {
    "ext_adstacking": "", 
    "requestType": "", 
    "ext_trueNvt2": "", 
    "campaignId": "", 
    "ext_b2t": "", 
    "ext_stats": "", 
    "ext_dspRealAppid": "", 
    "extra20": "", 
    "ext_ifLowerImp": "", 
    "platform": "ios", 
    "requestId": "", 
    "unitId": "", 
    "extra5": "", 
    "ext_packageName": "", 
    "extra6": "", 
    "imei": "", 
    "ext_bp": "", 
    "serverId": "", 
    "ext_threesInstallTime": "", 
    "ext_advInstallTime": "", 
    "ext_endcard": "", 
    "ext_systemUseragent": "", 
    "mobileCode": "46011", 
    "devId": "", 
    "reduce": "", 
    "ext_algo": "", 
    "creativeId": "", 
    "deviceBrand": "apple", 
    "remoteIp": "", 
    "ext_creativeCdnFlag": "", 
    "ext_nativeVideo": "", 
    "extra12": "", 
    "extra13": "", 
    "extra10": "", 
    "extra11": "", 
    "extra16": "", 
    "extra17": "B81E8193-5CAD-44E8-98BF-0FD8E7AA819A,", 
    "extra14": "", 
    "extra15": "1", 
    "networkType": "unknown", 
    "extra18": "", 
    "extra19": "", 
    "ext_source": "", 
    "language": "zh-Hans-CN", 
    "publisherId": "", 
    "ext_priceIn": "", 
    "screenSize": "375x667", 
    "idfa": "17DA62C2-6938-455A-95A7-12C5148036C5", 
    "extra": "", 
    "ext_finalsubid": "", 
    "ext_installFrom": "", 
    "priceOut": "", 
    "ext_stats2": "", 
    "googleAdvertisingId": "", 
    "ext_abtest1": "", 
    "ext_abtest2": "", 
    "ext_finalPackageName": "", 
    "sdkVersion": "mi_2.7.2", 
    "ext_btclass": "", 
    "ext_priceOut": "", 
    "appVersionName": "", 
    "orientation": "1", 
    "countryCode": "", 
    "ip": "39.109.124.93", 
    "advertiserId": "", 
    "ext_deleteDevid": "", 
    "ext_ctype": "", 
    "ext_thirdCid": "", 
    "ext_creativeSizeFlag": "", 
    "ext_rv_template": "", 
    "priceIn": "", 
    "deviceModel": "iphone9,1", 
    "extra2": "", 
    "extra3": "MNormalAlphaModelRanker_old_1.0.0;10;351;34;0;34;1;1_base", 
    "extra4": "5ad87092c6c1e27d0b28b8f1", 
    "ext_attr": "", 
    "ext_channel": "", 
    "extra7": "", 
    "extra8": "", 
    "extra9": "", 
    "ext_playable": "", 
    "ext_nativex": "", 
    "ext_flowTagId": "", 
    "mac": "", 
    "parentSessionId": "5ad87092c6c1e27d0b28b8f3", 
    "appId": "", 
    "osVersion": "10.3.2", 
    "ext_nvt2": "", 
    "ext_reject": "", 
    "imageSize": "1200x627", 
    "scenario": "", 
    "ext_cdnType": "", 
    "sessionId": "5ad87092c6c1e27d0b28b8f2", 
    "ext_rushNoPre": "", 
    "adType": "native"
}
2018-04-19 18:34:03 [DEBUG] [file_utils.py:154] ---------mp---------
2018-04-19 18:34:03 [DEBUG] [file_utils.py:154] None
2018-04-19 18:34:03 [DEBUG] [file_utils.py:154] ---------q----------
2018-04-19 18:34:03 [DEBUG] [file_utils.py:154] {
    "ext_adstacking": "", 
    "domain": "sg01.rayjump.com", 
    "countryCode": "CN", 
    "extra": "adnet_adserver", 
    "requestType": "7", 
    "ext_endcard": "4", 
    "ext_finalsubid": "90919", 
    "advertiserId": "903", 
    "ext_b2t": "", 
    "ext_cdnType": "", 
    "ext_ctype": "1", 
    "creativeId": "2352621325", 
    "ext_rv_template": "0", 
    "ext_installFrom": "1", 
    "priceOut": "8.64", 
    "end": "-", 
    "ext_dspRealAppid": "0", 
    "ext_attr": "2", 
    "campaignId": "211400288", 
    "version": "2.0", 
    "requestId": "5ad87092c6c1e27d0b8b8f67", 
    "ext_channel": "", 
    "unitId": "14795", 
    "extra8": "-1", 
    "ext_playable": "0", 
    "ext_nativex": "2", 
    "ext_flowTagId": "1", 
    "extra5": "5ad87092c6c1e27d0b28b8f1", 
    "priceIn": "9.00", 
    "ext_source": "540", 
    "ext_nativeVideo": "0", 
    "extra7": "50", 
    "extra12": "390", 
    "extra13": "1", 
    "extra10": "0", 
    "extra16": "2", 
    "extra14": "90919", 
    "appId": "90919", 
    "ext_abtest1": "", 
    "ext_abtest2": "0", 
    "extra19": "", 
    "ext_finalPackageName": "id575826903", 
    "ext_bp": "[\"9.00\",\"8.64\",\"1\",\"1\"]", 
    "scenario": "openapi", 
    "publisherId": "9084", 
    "ext_btclass": "0", 
    "ext_deleteDevid": "0", 
    "ext_rushNoPre": "", 
    "appVersionName": "2.28.1"
}
2018-04-19 18:34:03 [DEBUG] [file_utils.py:154] --------csp---------
2018-04-19 18:34:03 [DEBUG] [file_utils.py:154] {
    "MW_adBackendData": "1:211400288:1", 
    "MW_tnum": "1", 
    "MW_randValue": "5329", 
    "MW_flowTagId": "1", 
    "MW_adBackend": "1", 
    "MW_backendConfig": "1::2", 
    "MW_adnum": "50"
}
2018-04-19 18:34:03 [DEBUG] [file_utils.py:154] ---------r----------
2018-04-19 18:34:03 [DEBUG] [file_utils.py:154] {
    "r": "{\"gid\":\"61365033aa8e43624db8d00af87f8d5e\",\"tpid\":0,\"crat\":7,\"adv_crid\":0,\"icc\":1,\"glist\":\"405,2335700421,0,"
}
2018-04-19 18:43:34 [INFO] [file_utils.py:152] url: build p, the size of key 95 is diff to size of value 97
2018-04-19 18:43:34 [INFO] [file_utils.py:152] url: build r, the size of key 1 is diff to size of value 7
2018-04-19 18:43:34 [DEBUG] [file_utils.py:154] ---------p----------
2018-04-19 18:43:34 [DEBUG] [file_utils.py:154] {
    "ext_adstacking": "", 
    "requestType": "", 
    "ext_trueNvt2": "", 
    "campaignId": "", 
    "ext_b2t": "", 
    "ext_stats": "", 
    "ext_dspRealAppid": "", 
    "extra20": "", 
    "ext_ifLowerImp": "", 
    "platform": "ios", 
    "requestId": "", 
    "unitId": "", 
    "extra5": "", 
    "ext_packageName": "", 
    "extra6": "", 
    "imei": "", 
    "ext_bp": "", 
    "serverId": "", 
    "ext_threesInstallTime": "", 
    "ext_advInstallTime": "", 
    "ext_endcard": "", 
    "ext_systemUseragent": "", 
    "mobileCode": "46011", 
    "devId": "", 
    "reduce": "", 
    "ext_algo": "", 
    "creativeId": "", 
    "deviceBrand": "apple", 
    "remoteIp": "", 
    "ext_creativeCdnFlag": "", 
    "ext_nativeVideo": "", 
    "extra12": "", 
    "extra13": "", 
    "extra10": "", 
    "extra11": "", 
    "extra16": "", 
    "extra17": "B81E8193-5CAD-44E8-98BF-0FD8E7AA819A,", 
    "extra14": "", 
    "extra15": "1", 
    "networkType": "unknown", 
    "extra18": "", 
    "extra19": "", 
    "ext_source": "", 
    "language": "zh-Hans-CN", 
    "publisherId": "", 
    "ext_priceIn": "", 
    "screenSize": "375x667", 
    "idfa": "17DA62C2-6938-455A-95A7-12C5148036C5", 
    "extra": "", 
    "ext_finalsubid": "", 
    "ext_installFrom": "", 
    "priceOut": "", 
    "ext_stats2": "", 
    "googleAdvertisingId": "", 
    "ext_abtest1": "", 
    "ext_abtest2": "", 
    "ext_finalPackageName": "", 
    "sdkVersion": "mi_2.7.2", 
    "ext_btclass": "", 
    "ext_priceOut": "", 
    "appVersionName": "", 
    "orientation": "1", 
    "countryCode": "", 
    "ip": "39.109.124.93", 
    "advertiserId": "", 
    "ext_deleteDevid": "", 
    "ext_ctype": "", 
    "ext_thirdCid": "", 
    "ext_creativeSizeFlag": "", 
    "ext_rv_template": "", 
    "priceIn": "", 
    "deviceModel": "iphone9,1", 
    "extra2": "", 
    "extra3": "MNormalAlphaModelRanker_old_1.0.0;10;351;34;0;34;1;1_vta_cpe_board", 
    "extra4": "5ad872cec6c1e27ef4fa6721", 
    "ext_attr": "", 
    "ext_channel": "", 
    "extra7": "", 
    "extra8": "", 
    "extra9": "", 
    "ext_playable": "", 
    "ext_nativex": "", 
    "ext_flowTagId": "", 
    "mac": "", 
    "parentSessionId": "5ad872cec6c1e27ef4fa6723", 
    "appId": "", 
    "osVersion": "10.3.2", 
    "ext_nvt2": "", 
    "ext_reject": "", 
    "imageSize": "1200x627", 
    "scenario": "", 
    "ext_cdnType": "", 
    "sessionId": "5ad872cec6c1e27ef4fa6722", 
    "ext_rushNoPre": "", 
    "adType": "native"
}
2018-04-19 18:43:34 [DEBUG] [file_utils.py:154] ---------mp---------
2018-04-19 18:43:34 [DEBUG] [file_utils.py:154] None
2018-04-19 18:43:34 [DEBUG] [file_utils.py:154] ---------q----------
2018-04-19 18:43:34 [DEBUG] [file_utils.py:154] {
    "ext_adstacking": "", 
    "domain": "sg01.rayjump.com", 
    "countryCode": "CN", 
    "extra": "adnet_adserver", 
    "requestType": "7", 
    "ext_endcard": "4", 
    "ext_finalsubid": "90919", 
    "advertiserId": "903", 
    "ext_b2t": "", 
    "ext_cdnType": "", 
    "ext_ctype": "1", 
    "creativeId": "2352621325", 
    "ext_rv_template": "0", 
    "ext_installFrom": "1", 
    "priceOut": "8.64", 
    "end": "-", 
    "ext_dspRealAppid": "0", 
    "ext_attr": "2", 
    "campaignId": "211400288", 
    "version": "2.0", 
    "requestId": "5ad872cec6c1e27ef4a67267", 
    "ext_channel": "", 
    "unitId": "14795", 
    "extra8": "-1", 
    "ext_playable": "0", 
    "ext_nativex": "2", 
    "ext_flowTagId": "1", 
    "extra5": "5ad872cec6c1e27ef4fa6721", 
    "priceIn": "9.00", 
    "ext_source": "540", 
    "ext_nativeVideo": "0", 
    "extra7": "50", 
    "extra12": "390", 
    "extra13": "1", 
    "extra10": "0", 
    "extra16": "2", 
    "extra14": "90919", 
    "appId": "90919", 
    "ext_abtest1": "", 
    "ext_abtest2": "0", 
    "extra19": "", 
    "ext_finalPackageName": "id575826903", 
    "ext_bp": "[\"9.00\",\"8.64\",\"1\",\"1\"]", 
    "scenario": "openapi", 
    "publisherId": "9084", 
    "ext_btclass": "0", 
    "ext_deleteDevid": "0", 
    "ext_rushNoPre": "", 
    "appVersionName": "2.28.1"
}
2018-04-19 18:43:34 [DEBUG] [file_utils.py:154] --------csp---------
2018-04-19 18:43:34 [DEBUG] [file_utils.py:154] {
    "MW_adBackendData": "1:211400288:1", 
    "MW_tnum": "1", 
    "MW_randValue": "5329", 
    "MW_flowTagId": "1", 
    "MW_adBackend": "1", 
    "MW_backendConfig": "1::2", 
    "MW_adnum": "50"
}
2018-04-19 18:43:34 [DEBUG] [file_utils.py:154] ---------r----------
2018-04-19 18:43:34 [DEBUG] [file_utils.py:154] {
    "r": "{\"gid\":\"61365033aa8e43624db8d00af87f8d5e\",\"tpid\":0,\"crat\":3,\"adv_crid\":854948,\"icc\":1,\"glist\":\"405,2335700421,0,"
}
