2018-05-30 18:32:06 [INFO] [file_utils.py:156] url: build p, the size of key 95 is diff to size of value 97
2018-05-30 18:32:06 [INFO] [file_utils.py:156] url: build r, the size of key 1 is diff to size of value 8
2018-05-30 18:32:06 [DEBUG] [file_utils.py:158] ---------p----------
2018-05-30 18:32:06 [DEBUG] [file_utils.py:158] {
    "ext_adstacking": "", 
    "requestType": "", 
    "ext_trueNvt2": "", 
    "campaignId": "", 
    "ext_b2t": "", 
    "ext_stats": "", 
    "ext_dspRealAppid": "", 
    "extra20": "", 
    "ext_ifLowerImp": "", 
    "platform": "android", 
    "requestId": "", 
    "unitId": "", 
    "extra5": "", 
    "ext_packageName": "", 
    "extra6": "", 
    "imei": "", 
    "ext_bp": "", 
    "serverId": "", 
    "ext_threesInstallTime": "", 
    "ext_advInstallTime": "", 
    "ext_endcard": "", 
    "ext_systemUseragent": "", 
    "mobileCode": "", 
    "devId": "", 
    "reduce": "", 
    "ext_algo": "", 
    "creativeId": "", 
    "deviceBrand": "", 
    "remoteIp": "172.31.5.241", 
    "ext_creativeCdnFlag": "", 
    "ext_nativeVideo": "", 
    "extra12": "", 
    "extra13": "", 
    "extra10": "", 
    "extra11": "", 
    "extra16": "", 
    "extra17": "0,0", 
    "extra14": "", 
    "extra15": "1", 
    "networkType": "wifi", 
    "extra18": "", 
    "extra19": "", 
    "ext_source": "", 
    "language": "zh-CN", 
    "publisherId": "", 
    "ext_priceIn": "", 
    "screenSize": "328x150", 
    "idfa": "", 
    "extra": "", 
    "ext_finalsubid": "", 
    "ext_installFrom": "", 
    "priceOut": "", 
    "ext_stats2": "", 
    "googleAdvertisingId": "", 
    "ext_abtest1": "", 
    "ext_abtest2": "", 
    "ext_finalPackageName": "", 
    "sdkVersion": "js_1.1.10", 
    "ext_btclass": "", 
    "ext_priceOut": "", 
    "appVersionName": "", 
    "orientation": "2", 
    "countryCode": "", 
    "ip": "39.109.124.93", 
    "advertiserId": "", 
    "ext_deleteDevid": "", 
    "ext_ctype": "", 
    "ext_thirdCid": "", 
    "ext_creativeSizeFlag": "", 
    "ext_rv_template": "", 
    "priceIn": "", 
    "deviceModel": "android phone", 
    "extra2": "", 
    "extra3": "MNormalAlphaModelRanker;14;129;6;0;6;2;1_model_base-2_cpe_base-5_ccp_base;0", 
    "extra4": "5b0e7cfe65076f58b2440f49", 
    "ext_attr": "", 
    "ext_channel": "", 
    "extra7": "", 
    "extra8": "", 
    "extra9": "", 
    "ext_playable": "", 
    "ext_nativex": "", 
    "ext_flowTagId": "", 
    "mac": "", 
    "parentSessionId": "5b0e7cfe65076f58b23440f3", 
    "appId": "", 
    "osVersion": "7.0", 
    "ext_nvt2": "", 
    "ext_reject": "", 
    "imageSize": "VIDEO", 
    "scenario": "", 
    "ext_cdnType": "", 
    "sessionId": "5b0e7cfe65076f58b23440f2", 
    "ext_rushNoPre": "", 
    "adType": "js_native_video"
}
2018-05-30 18:32:06 [DEBUG] [file_utils.py:158] ---------mp---------
2018-05-30 18:32:06 [DEBUG] [file_utils.py:158] None
2018-05-30 18:32:06 [DEBUG] [file_utils.py:158] ---------q----------
2018-05-30 18:32:06 [DEBUG] [file_utils.py:158] {
    "ext_adstacking": "0", 
    "domain": "sg01.rayjump.com", 
    "countryCode": "HK", 
    "extra": "ad_server", 
    "requestType": "2", 
    "ext_endcard": "4", 
    "ext_finalsubid": "102641", 
    "advertiserId": "903", 
    "ext_b2t": "", 
    "ext_cdnType": "0", 
    "ext_ctype": "1", 
    "creativeId": "2371971412", 
    "ext_rv_template": "", 
    "ext_installFrom": "", 
    "priceOut": "3.5", 
    "end": "-", 
    "ext_dspRealAppid": "", 
    "ext_attr": "0", 
    "campaignId": "217299622", 
    "version": "2.0", 
    "requestId": "5b0e7cfe65076f58b2440f59", 
    "ext_channel": "0", 
    "unitId": "38527", 
    "extra8": "-1", 
    "ext_playable": "", 
    "ext_nativex": "2", 
    "ext_flowTagId": "0", 
    "extra5": "5b0e7cfe65076f58b2440f49", 
    "priceIn": "3.5", 
    "ext_source": "540", 
    "ext_nativeVideo": "0", 
    "extra7": "A2", 
    "extra12": "390", 
    "extra13": "1", 
    "extra10": "0", 
    "extra16": "9", 
    "extra14": "102641", 
    "appId": "102641", 
    "ext_abtest1": "1", 
    "ext_abtest2": "0", 
    "extra19": "", 
    "ext_finalPackageName": "", 
    "ext_bp": "[\"3.5\",\"3.5\",1,1]", 
    "scenario": "openapi", 
    "publisherId": "13235", 
    "ext_btclass": "", 
    "ext_deleteDevid": "", 
    "ext_rushNoPre": "0", 
    "appVersionName": ""
}
2018-05-30 18:32:06 [DEBUG] [file_utils.py:158] --------csp---------
2018-05-30 18:32:06 [DEBUG] [file_utils.py:158] None
2018-05-30 18:32:06 [DEBUG] [file_utils.py:158] ---------r----------
2018-05-30 18:32:06 [DEBUG] [file_utils.py:158] {
    "r": "{\"gid\":\"384cf5a7a2a4875d526b5f32e27e388e\",\"tpid\":0,\"crat\":0,\"adv_crid\":0,\"icc\":1,\"glist\":\"403,2371856204,0,0"
}
