2018-04-10 20:05:24 [INFO] [file_utils.py:152] url: build p, the size of key 95 is diff to size of value 97
2018-04-10 20:05:24 [INFO] [file_utils.py:152] url: build r, the size of key 1 is diff to size of value 8
2018-04-10 20:05:24 [INFO] [file_utils.py:152] url: the value param csp is empty
2018-04-10 20:05:24 [DEBUG] [file_utils.py:154] ---------p----------
2018-04-10 20:05:24 [DEBUG] [file_utils.py:154] {
    "ext_adstacking": "", 
    "requestType": "", 
    "ext_trueNvt2": "", 
    "campaignId": "", 
    "ext_b2t": "", 
    "ext_stats": "", 
    "ext_dspRealAppid": "", 
    "extra20": "", 
    "ext_ifLowerImp": "", 
    "platform": "android", 
    "requestId": "", 
    "unitId": "", 
    "extra5": "", 
    "ext_packageName": "", 
    "extra6": "", 
    "imei": "", 
    "ext_bp": "", 
    "serverId": "", 
    "ext_threesInstallTime": "", 
    "ext_advInstallTime": "", 
    "ext_endcard": "", 
    "ext_systemUseragent": "", 
    "mobileCode": "", 
    "devId": "", 
    "reduce": "", 
    "ext_algo": "", 
    "creativeId": "", 
    "deviceBrand": "0", 
    "remoteIp": "", 
    "ext_creativeCdnFlag": "", 
    "ext_nativeVideo": "", 
    "extra12": "", 
    "extra13": "", 
    "extra10": "", 
    "extra11": "", 
    "extra16": "", 
    "extra17": ",", 
    "extra14": "", 
    "extra15": "9", 
    "networkType": "unknown", 
    "extra18": "", 
    "extra19": "", 
    "ext_source": "", 
    "language": "en", 
    "publisherId": "", 
    "ext_priceIn": "", 
    "screenSize": "", 
    "idfa": "", 
    "extra": "", 
    "ext_finalsubid": "", 
    "ext_installFrom": "", 
    "priceOut": "", 
    "ext_stats2": "", 
    "googleAdvertisingId": "e7144329-fa93-4612-84be-ba646587ede9", 
    "ext_abtest1": "", 
    "ext_abtest2": "", 
    "ext_finalPackageName": "", 
    "sdkVersion": "0", 
    "ext_btclass": "", 
    "ext_priceOut": "", 
    "appVersionName": "", 
    "orientation": "0", 
    "countryCode": "", 
    "ip": "175.101.67.195", 
    "advertiserId": "", 
    "ext_deleteDevid": "", 
    "ext_ctype": "", 
    "ext_thirdCid": "", 
    "ext_creativeSizeFlag": "", 
    "ext_rv_template": "", 
    "priceIn": "", 
    "deviceModel": "0", 
    "extra2": "", 
    "extra3": "MNormalAlphaModelRanker_old_1.0.0;11;33;11;0;11;7;1_creative_optimize", 
    "extra4": "5acca875c6c1e25ea96cf266", 
    "ext_attr": "", 
    "ext_channel": "", 
    "extra7": "", 
    "extra8": "", 
    "extra9": "", 
    "ext_playable": "", 
    "ext_nativex": "", 
    "ext_flowTagId": "", 
    "mac": "", 
    "parentSessionId": "5acca875c6c1e25ea96cf268", 
    "appId": "", 
    "osVersion": "23", 
    "ext_nvt2": "", 
    "ext_reject": "", 
    "imageSize": "VIDEO", 
    "scenario": "", 
    "ext_cdnType": "", 
    "sessionId": "5acca875c6c1e25ea96cf267", 
    "ext_rushNoPre": "", 
    "adType": "online_video"
}
2018-04-10 20:05:24 [DEBUG] [file_utils.py:154] ---------mp---------
2018-04-10 20:05:24 [DEBUG] [file_utils.py:154] None
2018-04-10 20:05:24 [DEBUG] [file_utils.py:154] ---------q----------
2018-04-10 20:05:24 [DEBUG] [file_utils.py:154] {
    "ext_adstacking": "", 
    "domain": "sg01.rayjump.com", 
    "countryCode": "IN", 
    "extra": "adnet_adserver", 
    "requestType": "10", 
    "ext_endcard": "4", 
    "ext_finalsubid": "100054", 
    "advertiserId": "903", 
    "ext_b2t": "", 
    "ext_cdnType": "", 
    "ext_ctype": "1", 
    "creativeId": "2188479194", 
    "ext_rv_template": "0", 
    "ext_installFrom": "1", 
    "priceOut": "0.80", 
    "end": "-", 
    "ext_dspRealAppid": "0", 
    "ext_attr": "2", 
    "campaignId": "185793200", 
    "version": "2.0", 
    "requestId": "5acca875c6c1e25ea9cf26b5", 
    "ext_channel": "", 
    "unitId": "30162", 
    "extra8": "-1", 
    "ext_playable": "0", 
    "ext_nativex": "2", 
    "ext_flowTagId": "0", 
    "extra5": "5acca875c6c1e25ea96cf266", 
    "priceIn": "0.80", 
    "ext_source": "540", 
    "ext_nativeVideo": "0", 
    "extra7": "40", 
    "extra12": "266055", 
    "extra13": "1", 
    "extra10": "0", 
    "extra16": "0", 
    "extra14": "100054", 
    "appId": "100054", 
    "ext_abtest1": "", 
    "ext_abtest2": "0", 
    "extra19": "", 
    "ext_finalPackageName": "com.triggerteam.ninjafighting2", 
    "ext_bp": "[\"0.80\",\"0.80\",\"1\",\"1\"]", 
    "scenario": "openapi", 
    "publisherId": "9377", 
    "ext_btclass": "0", 
    "ext_deleteDevid": "0", 
    "ext_rushNoPre": "", 
    "appVersionName": ""
}
2018-04-10 20:05:24 [DEBUG] [file_utils.py:154] --------csp---------
2018-04-10 20:05:24 [DEBUG] [file_utils.py:154] {
    "csp": ""
}
2018-04-10 20:05:24 [DEBUG] [file_utils.py:154] ---------r----------
2018-04-10 20:05:24 [DEBUG] [file_utils.py:154] {
    "r": "{\"gid\":\"b1dd7f1a232552c58ab4db8179427987\",\"tpid\":1101,\"crat\":0,\"adv_crid\":0,\"icc\":1,\"glist\":\"201,2188479052,685111,"
}
