2018-05-25 11:54:16 [INFO] [file_utils.py:152] url: build p, the size of key 95 is diff to size of value 97
2018-05-25 11:54:16 [INFO] [file_utils.py:152] url: build r, the size of key 1 is diff to size of value 8
2018-05-25 11:54:16 [DEBUG] [file_utils.py:154] ---------p----------
2018-05-25 11:54:16 [DEBUG] [file_utils.py:154] {
    "ext_adstacking": "", 
    "requestType": "", 
    "ext_trueNvt2": "", 
    "campaignId": "", 
    "ext_b2t": "", 
    "ext_stats": "", 
    "ext_dspRealAppid": "", 
    "extra20": "", 
    "ext_ifLowerImp": "", 
    "platform": "android", 
    "requestId": "", 
    "unitId": "", 
    "extra5": "", 
    "ext_packageName": "", 
    "extra6": "", 
    "imei": "", 
    "ext_bp": "", 
    "serverId": "", 
    "ext_threesInstallTime": "", 
    "ext_advInstallTime": "", 
    "ext_endcard": "", 
    "ext_systemUseragent": "", 
    "mobileCode": "46003", 
    "devId": "df1dcfa380351d41", 
    "reduce": "", 
    "ext_algo": "", 
    "creativeId": "", 
    "deviceBrand": "vivo", 
    "remoteIp": "", 
    "ext_creativeCdnFlag": "", 
    "ext_nativeVideo": "", 
    "extra12": "", 
    "extra13": "", 
    "extra10": "", 
    "extra11": "", 
    "extra16": "", 
    "extra17": ",", 
    "extra14": "", 
    "extra15": "1", 
    "networkType": "wifi", 
    "extra18": "", 
    "extra19": "", 
    "ext_source": "", 
    "language": "zh", 
    "publisherId": "", 
    "ext_priceIn": "", 
    "screenSize": "1280x720", 
    "idfa": "", 
    "extra": "", 
    "ext_finalsubid": "", 
    "ext_installFrom": "", 
    "priceOut": "", 
    "ext_stats2": "", 
    "googleAdvertisingId": "", 
    "ext_abtest1": "", 
    "ext_abtest2": "", 
    "ext_finalPackageName": "", 
    "sdkVersion": "mal_8.3.10", 
    "ext_btclass": "", 
    "ext_priceOut": "", 
    "appVersionName": "", 
    "orientation": "2", 
    "countryCode": "", 
    "ip": "39.109.124.93", 
    "advertiserId": "", 
    "ext_deleteDevid": "", 
    "ext_ctype": "", 
    "ext_thirdCid": "", 
    "ext_creativeSizeFlag": "", 
    "ext_rv_template": "", 
    "priceIn": "", 
    "deviceModel": "vivo y55a", 
    "extra2": "", 
    "extra3": "MNormalAlphaModelRanker_old_1.0.0;12;299;20;0;20;3;2_cpe_exp-1_creative_optimize1-4_dco_base;0", 
    "extra4": "5b0788aa4f505a0d5f66c035", 
    "ext_attr": "", 
    "ext_channel": "", 
    "extra7": "", 
    "extra8": "", 
    "extra9": "", 
    "ext_playable": "", 
    "ext_nativex": "", 
    "ext_flowTagId": "", 
    "mac": "", 
    "parentSessionId": "5b0788aa4f505a0d5f66c036", 
    "appId": "", 
    "osVersion": "6.0.1", 
    "ext_nvt2": "", 
    "ext_reject": "", 
    "imageSize": "VIDEO", 
    "scenario": "", 
    "ext_cdnType": "", 
    "sessionId": "5ab72fffa7a111519c787aa3", 
    "ext_rushNoPre": "", 
    "adType": "rewarded_video"
}
2018-05-25 11:54:16 [DEBUG] [file_utils.py:154] ---------mp---------
2018-05-25 11:54:16 [DEBUG] [file_utils.py:154] None
2018-05-25 11:54:16 [DEBUG] [file_utils.py:154] ---------q----------
2018-05-25 11:54:16 [DEBUG] [file_utils.py:154] {
    "ext_adstacking": "", 
    "domain": "sg01.rayjump.com", 
    "countryCode": "HK", 
    "extra": "adnet_adserver", 
    "requestType": "7", 
    "ext_endcard": "3", 
    "ext_finalsubid": "92762", 
    "advertiserId": "903", 
    "ext_b2t": "", 
    "ext_cdnType": "", 
    "ext_ctype": "1", 
    "creativeId": "2410987545", 
    "ext_rv_template": "0", 
    "ext_installFrom": "0", 
    "priceOut": "5.00", 
    "end": "-", 
    "ext_dspRealAppid": "0", 
    "ext_attr": "0", 
    "campaignId": "223517348", 
    "version": "2.0", 
    "requestId": "5b0788aa4f505a0d5f6c0866", 
    "ext_channel": "", 
    "unitId": "21310", 
    "extra8": "-1", 
    "ext_playable": "0", 
    "ext_nativex": "2", 
    "ext_flowTagId": "145", 
    "extra5": "5b0788aa4f505a0d5f66c035", 
    "priceIn": "5.00", 
    "ext_source": "540", 
    "ext_nativeVideo": "0", 
    "extra7": "20", 
    "extra12": "390", 
    "extra13": "1", 
    "extra10": "0", 
    "extra16": "9", 
    "extra14": "92762", 
    "appId": "92762", 
    "ext_abtest1": "", 
    "ext_abtest2": "0", 
    "extra19": "", 
    "ext_finalPackageName": "", 
    "ext_bp": "[\"5.00\",\"5.00\",\"1\",\"1\"]", 
    "scenario": "openapi", 
    "publisherId": "12441", 
    "ext_btclass": "0", 
    "ext_deleteDevid": "0", 
    "ext_rushNoPre": "", 
    "appVersionName": "8.0.0"
}
2018-05-25 11:54:16 [DEBUG] [file_utils.py:154] --------csp---------
2018-05-25 11:54:16 [DEBUG] [file_utils.py:154] {
    "MW_adBackendData": "1:223517348:1", 
    "MW_tnum": "1", 
    "MW_randValue": "8794", 
    "MW_flowTagId": "145", 
    "MW_adBackend": "1", 
    "MW_backendConfig": "1:mobvista_key_1:3", 
    "MW_adnum": "20"
}
2018-05-25 11:54:16 [DEBUG] [file_utils.py:154] ---------r----------
2018-05-25 11:54:16 [DEBUG] [file_utils.py:154] {
    "r": "{\"gid\":\"0601f7badce1b050ef7bbfcc6143e1bd\",\"tpid\":0,\"crat\":8,\"adv_crid\":1139914,\"icc\":1,\"glist\":\"106,2410987780,1139846,"
}
