2018-07-08 16:16:49 [INFO] [file_utils.py:152] the log type provided as below:
	{
    "11": [
        "/data/adn_logs/midway_tracking/click", 
        "midway"
    ], 
    "10": [
        "/data/adn_logs/midway_tracking/impression", 
        "midway"
    ], 
    "13": [
        "/data/adn_logs/stat_v3/impression", 
        "adn"
    ], 
    "12": [
        "/data/adn_logs/midway_tracking/only_impression", 
        "midway"
    ], 
    "15": [
        "/data/adn_logs/stat_v3/only_impression", 
        "adn"
    ], 
    "14": [
        "/data/adn_logs/stat_v3/click", 
        "adn"
    ], 
    "1": [
        "/data/adn_logs/adnet/corsairreq", 
        "midway"
    ], 
    "3": [
        "/data/adn_logs/adnet/request", 
        "adn"
    ], 
    "2": [
        "/data/adn_logs/corsair/request", 
        "midway"
    ], 
    "5": [
        "/data/adn_logs/adnet/request", 
        "adn"
    ], 
    "4": [
        "/data/adn_logs/stat_v3/request", 
        "adn"
    ], 
    "7": [
        "/data/adn_logs/midway_tracking/play", 
        "midway"
    ], 
    "6": [
        "/data/adn_logs/stat_v3/request", 
        "adn"
    ], 
    "9": [
        "/data/adn_logs/stat_v3/tracking_no_report", 
        "adn"
    ], 
    "8": [
        "/data/adn_logs/stat_v3/tracking", 
        "adn"
    ]
}
