2018-03-08 11:47:41 [DEBUG] [file_utils.py:135] request data path: data/v3/request_1_94_3.csv
2018-03-08 11:47:41 [DEBUG] [file_utils.py:135] request host: test-net.rayjump.com
2018-03-08 11:47:41 [DEBUG] [file_utils.py:135] request method: get
2018-03-08 11:47:41 [DEBUG] [file_utils.py:135] request route: http://test-net.rayjump.com/openapi/ad/v3?
2018-03-08 11:47:41 [DEBUG] [file_utils.py:135] 请求的url: http://test-net.rayjump.com/openapi/ad/v3?tnum=1&orientation=1&package_name=com.mobvista.sdk.demo&ad_type=94&sign=489942276c3cf759447d81719c104b95&video_version=1&timezone=GMT%252B08%253A00&mnc=&ping_mode=1&platform=1&unit_id=2163&os_version=5.0.1&sdk_version=MAL_8.4.0&ttc_ids=%255B%255D&app_version_code=1&req_type=1&brand=google&client_ip=112.94.162.245&ad_num=1&app_version_name=1.0&screen_size=540x960&mcc=&gp_version=8.1.73.S-all%2520%255B0%255D%2520%255BFP%255D%2520165518514&app_id=24282&offset=0&imei=5287099835748392&only_impression=1&ad_source_id=1&gaid=ee94a9ba-c079-4786-8867-2ab109ed5610&dvi=4BzuYk5uRUE0GaDFiAiTiai2faDTGnRMR0M0YkcURUE0iaRMiavMiavMiavMR0M0DkP3hrKuHcKuHoR1RUztik5tfaiAGnNFDnj9fav0WozULkN0G0RAiUhMiA3Mf0zK&language=en&is_clever=1&version_flag=1&useragent=Mozilla%252F5.0%2520%2528Linux%253B%2520Android%25206.0.1%253B%2520Nexus%25205X%2520Build%252FMTC19T%253B%2520wv%2529%2520AppleWebKit%252F537.36%2520%2528KHTML%252C%2520like%2520Gecko%2529%2520Version%252F4.0%2520Chrome%252F60.0.3112.116%2520Mobile%2520Safari%252F537.36&model=Nexus%25205X&network_type=9
2018-03-08 11:47:41 [DEBUG] [connectionpool.py:207] Starting new HTTP connection (1): test-net.rayjump.com
2018-03-08 11:47:42 [DEBUG] [connectionpool.py:395] http://test-net.rayjump.com:80 "GET /openapi/ad/v3?tnum=1&orientation=1&package_name=com.mobvista.sdk.demo&ad_type=94&sign=489942276c3cf759447d81719c104b95&video_version=1&timezone=GMT%252B08%253A00&mnc=&ping_mode=1&platform=1&unit_id=2163&os_version=5.0.1&sdk_version=MAL_8.4.0&ttc_ids=%255B%255D&app_version_code=1&req_type=1&brand=google&client_ip=112.94.162.245&ad_num=1&app_version_name=1.0&screen_size=540x960&mcc=&gp_version=8.1.73.S-all%2520%255B0%255D%2520%255BFP%255D%2520165518514&app_id=24282&offset=0&imei=5287099835748392&only_impression=1&ad_source_id=1&gaid=ee94a9ba-c079-4786-8867-2ab109ed5610&dvi=4BzuYk5uRUE0GaDFiAiTiai2faDTGnRMR0M0YkcURUE0iaRMiavMiavMiavMR0M0DkP3hrKuHcKuHoR1RUztik5tfaiAGnNFDnj9fav0WozULkN0G0RAiUhMiA3Mf0zK&language=en&is_clever=1&version_flag=1&useragent=Mozilla%252F5.0%2520%2528Linux%253B%2520Android%25206.0.1%253B%2520Nexus%25205X%2520Build%252FMTC19T%253B%2520wv%2529%2520AppleWebKit%252F537.36%2520%2528KHTML%252C%2520like%2520Gecko%2529%2520Version%252F4.0%2520Chrome%252F60.0.3112.116%2520Mobile%2520Safari%252F537.36&model=Nexus%25205X&network_type=9 HTTP/1.1" 200 4938
2018-03-08 11:47:42 [DEBUG] [file_utils.py:135] response is: {
    "status": 1, 
    "msg": "success", 
    "data": {
        "only_impression_url": "http://test-net.rayjump.com/onlyImpression?k=5aa0b25d4e52425183789294&mp=fkcti7RBfkNTHnVBfaR2inlAfAlPiU3T6aVbiAcIiUNBGazIiUjFibM96aSINTPIfAiPigMe6a3T6aV%2Fio9e672tYcI9WUN%2FidMeWUSIHFKXHFeQ67PQ4d5AiUv24dM2faS9GnDM6acIHkPIG%2BeIinjBWU3TWUjFi09Bfa5Iin3BWUjFGo9eWUjbG%2BeIGaDFiAiTiai2faDTGnRM6avBiavMiavMiavMidMBDncQDnNAiA3TfrjeGaNM675QGnxtGkztWkiMfA3wfah9f0T9GaDbWnztDUjMGk53fnDeideIinv96aVM6acIiUlTfbM9GgxXJ%2BxuDkK6DkP3hrKuHaEA6v%3D%3D", 
        "ads": [
            {
                "rating": 4.9, 
                "adv_id": 0, 
                "video_url": "LdxThaEXWbDFW+xTWrQ9LkJ2DZPUYFTXJrQ3HkIXYZIBiUS0GaStfkN9fkNFHaNTfribDnleHUjBGnv9DUxrDUjeHajefnzQfnNPiavMi7DFfkN2HnJQfUNbfoICx+tML+zQhATefnRMfalTiAh2z3c+VTcUDF5AhTwQ4VQ3y+cEi7lP57xUxV2XVAzXV7EbDVwDzQfuHFPtJd5BHnTei3z2DkKsDrcNh2J1ZccshcvMVVe9fQfBn23QiTN=", 
                "guidelines": "", 
                "ad_source_id": 1, 
                "t_imp": 0, 
                "click_url": "https://lf.snssdk.com/api/ad/union/redirect/?req_id=916176be5aa0b25d4e52425183789294u1102&use_pb=1&rit=901293829&call_back=YDw5prVuxetPn7i8%2BqtRJ8MW2ExykCFEuDCodDN3Nl%2FVJbkxoxQ%2FaY6UI3gNWtfcZp9X%2BNwb8gPYCBIXAyRzow%3D%3D&extra=t0jy2ssUBW%2FkIm%2FL2uonOSNeA3K%2FSMW7WeRno31K5CMcvjz%2FRdOJJYdr9SEjSc6Ml1BUKxPLO4JOaIIPOL9EQmt6lb%2Fcx%2FI4RuWf8mX2yOzo4y%2Fk24js%2BDPoxJz1sxb%2BMuZheSJzPQU%2BVBbJJLNebeph%2FbFLtd8eyHvbyfu9HWlsLuXa7IyFUgBsrA8aoMibMxv9%2BcHM2CCooei1HUp3THv%2BQ0xAjd1V0HzuV0%2BWB0eUM3hjX5gcDk%2FStCZlM5l7FG4ifG7fqi6y%2FBTljOmUuyaMb9eYN%2BRB52vau28aC8%2B2Xjee0L%2Fwj%2BlfnlL3LpNYa9YzF4vohsFJLUUMACGHFSLcB1RNQbtOTYtWWoC398413hHW6l4YHkgITrFvIsPZKVR3zVaTre0Y7opl5AM24hhKKuNVWxei%2Baq7i5%2F6Fhs%3D&source_type=1&pack_time=1520480862.2&active_extra=wNVX%2FEiBVPw%2FtKyFIUxTpXgJAYl7N1P7wtNY4mlgVHX8Z6iSsnK6egWr1yUmBG8rxJFLyZonGp5eX5nOinha4A%3D%3D", 
                "video_length": 13, 
                "ttc": false, 
                "id": 10612377266, 
                "endcard_url": "", 
                "reward_amount": 0, 
                "rv": {
                    "template_url": "http://hybird.rayjump.com/rv-zip-124/tpl1-b4f59a5ed5f147f2fb0882e4a4553f94.zip?md5filename=b4f59a5ed5f147f2fb0882e4a4553f94&foldername=tpl1&layout=1&tpl=1&wfr=1&to=9999", 
                    "paused_url": "http://hybird.rayjump.com/offerwall/tpl/reward/endscreen.v3.html", 
                    "video_template": 1, 
                    "orientation": 1
                }, 
                "ad_url_list": [], 
                "package_name": "com.swqb.dmw", 
                "ttc_type": 0, 
                "title": "\u5378\u8f7d\u6389\u4f60\u624b\u673a\u91cc\u7684\u5047\u5854\u9632\u5427\uff0c\u8fd9\u5854\u9632\u4fdd\u8bc1\u4f60\u80fd\u73a9\u4e09\u5e74\uff01", 
                "nv_t2": "", 
                "icon_url": "http://p3.pstatp.com/origin/676d000947a9dd3a2d53", 
                "ad_tracking": {
                    "impression": [
                        "https://lf.snssdk.com/api/ad/union/show_event/?req_id=916176be5aa0b25d4e52425183789294u1102&extra=locCIIaWQI5%2BasmZsNWz1CaQSSJSMvlWm3tpZF0dbj53kgxOsa1yAEfJJZJ9Jl2PbfyU1iYLj4kjmolG86ozNoViWwmESFKdQxr%2F0JVI7qgkzY8%2FxDDyVFc0flTkJPYqIxPlX08FKzZMn4qy7dM2OzN2pv5YbTOQXmch4wT%2BZwhTeIXb9vC%2B0P5kq56EUIkZnpaSIlHl6P3xONqvNRu5g3ur0T73wBQUb%2FaHWsN8MgKvfaOABn4SWIkRfoIrnYAuCg2AoTp71bePRvOcIEpR7myZuPf86wMA2pCxEolOhN%2FUUlPU9lWTD0CcaW24t3TI34zxTW8YMkB2zmo%2BQRFTzqQF5kDNRLZ0iLLnzEWclztEsv6TStZLaJK8MKImOTGSNusx68%2BZEgp2F6Kpy2IOgAYEjlXCz2u62ItwxzPSdePR0He5ldbtztBCmqTmt5CJQUqd%2FkRSRiqMTFCGbldY2w0VbJTdA53NkSautGdxx97DfqLXgVQ2HmR6nz8xAN%2B7LGTRnwiZtyByzItI%2FcORoeG%2FacHqV%2FYnWR0r%2Bbx1XgtgiFOv%2BN8deRbSSe19XhQb%2BUteA%2B2HU4x0%2Bz9NoW8ky92fHdXQAYF1DqcJ4uzfyWdP%2Fwx4r4kdOktzb6meT0nk4yUrTRT9wufgpVrdZJIITISB8DlMTIWFe3Gn3KTy%2B8fB8pzwe8Vpy7Jz8OXqQzy2%2FSE8Rs9RxoWWrzHamYR2EJLriWUz7o%2BvOMy1L0uXKRLhC63Owhh1fvff%2BbQyiANfNS3NP%2FysAPzAA94TJg2AhIg8GJX6gxDnmUv0K5I18YpvGgmEtabi4QQ%2FbY6lDczEZtk7ynSWQL4UKUKIt9BSyAoj50zTnXrtAIOo7vCBJjFVslnUhj8vA7%2Bf0FzFwPcpmuNQwMJYFG3rDx2acSolN0cH4B1FqU%2BTO4b0n4iW7sq7e2J6ROP6oi9o%2FNbVrUfmuKt9Fg6VkbRMGA4mJMH8Vy2i92mtlyNKVrm0IAlG8m9zHceSQGk%2FdwPrGVblmj4q3xu%2BdoXqRyMdWrrolmxgv04fwc95KFRcX2Iu5hWK39tcSaWNcFS%2F8%2FP2HGr3N0ebXGL073x3rY9%2BnZ%2Fs8vPLzj%2FG0B%2F0fXMvypHUhSXoPDbOTFSK9QBozFyQaI5NKCF1UYVWMwZ7UqwW7H5zX%2FXdP%2FYssXOOp5mm3guL3rBLD4U%3D&source_type=1&pack_time=1520480862.2", 
                        "http://chet.rayjump.com/ad/log/impression?k=5aa0b25d4e52425183789294&backend=8&app_id=24282&unit_id=2163&publisher_id=5731&offer_id=91612377266&sdk_version=mal_8.4.0&app_version=1.0&key_name=toutiao_android&source_url="
                    ], 
                    "play_percentage": [
                        {
                            "url": "http://test-mtrack.rayjump.com/ad/log/play?k=5aa0b25d4e52425183789294&mp=fkcti7RBfkNTHnVBfaR2inlAfAlPiU3T6aVbiAcIiUNBGazIiUjFibM96al1invFinRAfAhBfUD1i%2BeangMbiA3B6acIGnxIfZ9MWUcIYkcs%2BAl%2Ffo9M6aj%2FidegYFKgY75IYr59J%2BiBia596aVTidlPfUSIi%2BeQYgMP6dMM6aSIidM9fUDAiANMiAVTfUNPiUSIiaRMiavMiavMiavM675QGnxtGkztWkiMfA3wfah9f0T9GaDbWnztDUjMGk53fnDeidMBDncQDnNAiA3TfrjeGaNM6dMeiatIfnSIi%2BMBGaNb6al1J7K2J7QtY2KtYrxBYFQ3GUi%3D&type=reward_video&key=play_percentage&rate=0&ext=falMfnDeinieGa5IY7KUNTQzD5JxZnVQi3zthF2LhTP%2B4UcaD5cnVTunn%2BHs5FTAJdSLxUS3DrE2iFwg4jKADncPNV5rZ3uLZUQpYazNDrHP5ncukVeqf7wqYkKsxAlFYbuGY2Hu5bJwx5f7ZFxx4dRQi3DMZQHzfbcgLbuHGoVBxgtjxdQkxriMHreVLTuNk%2Bcz4cSskav9x3w1k32%2FfdcPfFxfi3K1nUzMJU5HDQxyV5twDFlTJ2NQi3zLJFtVHVQDDUQFNBVBNUSNfkwefnHc5VQ8kUS9nreixQJGJ5ucHQRMxoVBNgNb45ibLQfihAcwV5ccfTQoZFPtHFHoznz7xTH2JrHtnTcoYUxn5TQ8VrHXZ%2Bz%2FkVc2NFhBNkKVhaheDr5NVgHyDTQchcRbY%2BQLJ5SrGaHbnVjBhjf9xkKsnFtGznz7555sVcVPYcJVxaSaDFc%2BiUxTi2xziAx14cx%2BGcQfLTRB4r2XznzoV5z75dueVVD2LTxGV3eLi7Qin7P1x5JUYduTx%2BfFfQxnJcuiDVuWGj2WZk2y5jJnng5A4aD9znzok35ghaz7f3wM4nzznFJSkV5qYcta4Uz2fUzzJdJ94QSnH75NVUSRHn5sH7zT4gxoNF2e572TfVfpV55eHoVBxrwZV2zuhV2Vx3fdDre3knzbicH0ZQx3NnVAnrwnD%2B5TxFx94a3bx7Henctg5QjBZ72ZfrP1GdtSn0VBNUJix2xZYgJukgxPNgQ1Z%2Bxzznz7DTKZYF5dznz7DkfRh5DQi3HHYQJZidRQi3z04acDHbxgLVHyJ0VBN399H75ZDQfnHnjPk7txD0VBNQ5THVjQi3RBZcVT4avQi3z1GVPX5At84n3BH3t3kccSkVDexdcUZUx24rHP5FxNznz7JblThUx8HjK8Jdu0fr2Q5aS%2FLAxP5%2BzVVQNPJb5rHbSkhrxLZ3Qz5jQnNUtjYj2VZ5J7HnfdYUfW5d3Qi3R9H3R9hdubHntkhd3bZgE9n2teV%2BuPi0VBxQfcGczAG5z9Y2J%2BhguRDk2HVUzcZ3eBL5J54UJXznzoJ3Kf4nciid5DZ2ziLjiFiTKbL7leHgHrH0VBNrzx4kQSnrHGVAfGVoVBxgQAN5S1NVjPfcxpHAzSLjQgGjJpkaHg4jx%2FY55Fijs2Znj9k%2BSFxFJwx%2BxtDr3TV5jQi3H0knHsx7f1x5uTLAJPYQf%2BVVMT5Vw5ZTQTGVzn4VcXLUVM4Qx%2FkdzTNVQyYAJFNTzpL3HkhFe%2F5ktqGdHSfBVBNrDMxgu7J2SUh722nQcbnVuHx3hAh3x9ircUVFKsnUSUZaxoiVHe5ZVBNQxyf7RMYUxu5AJAhnJQi3EFV3KNfrKuGkIQi3HGDQHB5kHwJVwTGVHgfQH8DQzfxTjTYVufZatk4nzuGnzwJ7ePn3wkhrTMZVcsxAtwG%2BuRDF5nVVJ8znz7HdJNh3JkDrewLUxeibt2znzoH7KDh5zPnkx%2BhgzXY729HbDMf7HbDA32ZTHZD2lBZ%2BV2LcJWiAQTD2ft5TPUxQiQi3D9znz7VazRxbRAnUSQDQtdnavbiblAhQ3PznzoYQEQi3HAGdHNnduqznz7xASoznz7i7HDn%2BHPhjt5LcfDY2SjD3KVxQfWG5coYbu745ctZn5GZTf7i55H5QJfJ2Eb5%2Bcb5AJRf%2BuDznz7k7xNznz7k%2BfAkjKyha5wYnfgJVMAh3zixax5znfj", 
                            "rate": 0
                        }, 
                        {
                            "url": "http://test-mtrack.rayjump.com/ad/log/play?k=5aa0b25d4e52425183789294&mp=fkcti7RBfkNTHnVBfaR2inlAfAlPiU3T6aVbiAcIiUNBGazIiUjFibM96al1invFinRAfAhBfUD1i%2BeangMbiA3B6acIGnxIfZ9MWUcIYkcs%2BAl%2Ffo9M6aj%2FidegYFKgY75IYr59J%2BiBia596aVTidlPfUSIi%2BeQYgMP6dMM6aSIidM9fUDAiANMiAVTfUNPiUSIiaRMiavMiavMiavM675QGnxtGkztWkiMfA3wfah9f0T9GaDbWnztDUjMGk53fnDeidMBDncQDnNAiA3TfrjeGaNM6dMeiatIfnSIi%2BMBGaNb6al1J7K2J7QtY2KtYrxBYFQ3GUi%3D&video_play_time=13&type=reward_video&key=play_percentage&rate=100&ext=falMfnDeinieGa5IY7KUNTQzD5JxZnVQi3zthF2LhTP%2B4UcaD5cnVTunn%2BHs5FTAJdSLxUS3DrE2iFwg4jKADncPNV5rZ3uLZUQpYazNDrHP5ncukVeqf7wqYkKsxAlFYbuGY2Hu5bJwx5f7ZFxx4dRQi3DMZQHzfbcgLbuHGoVBxgtjxdQkxriMHreVLTuNk%2Bcz4cSskav9x3w1k32%2FfdcPfFxfi3K1nUzMJU5HDQxyV5twDFlTJ2NQi3zLJFtVHVQDDUQFNBVBNUSNfkwefnHc5VQ8kUS9nreixQJGJ5ucHQRMxoVBNgNb45ibLQfihAcwV5ccfTQoZFPtHFHoznz7xTH2JrHtnTcoYUxn5TQ8VrHXZ%2Bz%2FkVc2NFhBNkKVhaheDr5NVgHyDTQchcRbY%2BQLJ5SrGaHbnVjBhjf9xkKsnFtGznz7555sVcVPYcJVxaSaDFc%2BiUxTi2xziAx14cx%2BGcQfLTRB4r2XznzoV5z75dueVVD2LTxGV3eLi7Qin7P1x5JUYduTx%2BfFfQxnJcuiDVuWGj2WZk2y5jJnng5A4aD9znzok35ghaz7f3wM4nzznFJSkV5qYcta4Uz2fUzzJdJ94QSnH75NVUSRHn5sH7zT4gxoNF2e572TfVfpV55eHoVBxrwZV2zuhV2Vx3fdDre3knzbicH0ZQx3NnVAnrwnD%2B5TxFx94a3bx7Henctg5QjBZ72ZfrP1GdtSn0VBNUJix2xZYgJukgxPNgQ1Z%2Bxzznz7DTKZYF5dznz7DkfRh5DQi3HHYQJZidRQi3z04acDHbxgLVHyJ0VBN399H75ZDQfnHnjPk7txD0VBNQ5THVjQi3RBZcVT4avQi3z1GVPX5At84n3BH3t3kccSkVDexdcUZUx24rHP5FxNznz7JblThUx8HjK8Jdu0fr2Q5aS%2FLAxP5%2BzVVQNPJb5rHbSkhrxLZ3Qz5jQnNUtjYj2VZ5J7HnfdYUfW5d3Qi3R9H3R9hdubHntkhd3bZgE9n2teV%2BuPi0VBxQfcGczAG5z9Y2J%2BhguRDk2HVUzcZ3eBL5J54UJXznzoJ3Kf4nciid5DZ2ziLjiFiTKbL7leHgHrH0VBNrzx4kQSnrHGVAfGVoVBxgQAN5S1NVjPfcxpHAzSLjQgGjJpkaHg4jx%2FY55Fijs2Znj9k%2BSFxFJwx%2BxtDr3TV5jQi3H0knHsx7f1x5uTLAJPYQf%2BVVMT5Vw5ZTQTGVzn4VcXLUVM4Qx%2FkdzTNVQyYAJFNTzpL3HkhFe%2F5ktqGdHSfBVBNrDMxgu7J2SUh722nQcbnVuHx3hAh3x9ircUVFKsnUSUZaxoiVHe5ZVBNQxyf7RMYUxu5AJAhnJQi3EFV3KNfrKuGkIQi3HGDQHB5kHwJVwTGVHgfQH8DQzfxTjTYVufZatk4nzuGnzwJ7ePn3wkhrTMZVcsxAtwG%2BuRDF5nVVJ8znz7HdJNh3JkDrewLUxeibt2znzoH7KDh5zPnkx%2BhgzXY729HbDMf7HbDA32ZTHZD2lBZ%2BV2LcJWiAQTD2ft5TPUxQiQi3D9znz7VazRxbRAnUSQDQtdnavbiblAhQ3PznzoYQEQi3HAGdHNnduqznz7xASoznz7i7HDn%2BHPhjt5LcfDY2SjD3KVxQfWG5coYbu745ctZn5GZTf7i55H5QJfJ2Eb5%2Bcb5AJRf%2BuDznz7k7xNznz7k%2BfAkjKyha5wYnfgJVMAh3zixax5znfj", 
                            "rate": 100
                        }
                    ], 
                    "click": [
                        "https://lf.snssdk.com/api/ad/union/event/?req_id=916176be5aa0b25d4e52425183789294u1102&extra=locCIIaWQI5%2BasmZsNWz1CaQSSJSMvlWm3tpZF0dbj53kgxOsa1yAEfJJZJ9Jl2PbfyU1iYLj4kjmolG86ozNoViWwmESFKdQxr%2F0JVI7qgkzY8%2FxDDyVFc0flTkJPYqIxPlX08FKzZMn4qy7dM2OzN2pv5YbTOQXmch4wT%2BZwhTeIXb9vC%2B0P5kq56EUIkZnpaSIlHl6P3xONqvNRu5g3ur0T73wBQUb%2FaHWsN8MgKvfaOABn4SWIkRfoIrnYAuCg2AoTp71bePRvOcIEpR7myZuPf86wMA2pCxEolOhN%2FUUlPU9lWTD0CcaW24t3TI34zxTW8YMkB2zmo%2BQRFTzqQF5kDNRLZ0iLLnzEWclztEsv6TStZLaJK8MKImOTGSNusx68%2BZEgp2F6Kpy2IOgAYEjlXCz2u62ItwxzPSdePR0He5ldbtztBCmqTmt5CJQUqd%2FkRSRiqMTFCGbldY2w0VbJTdA53NkSautGdxx97DfqLXgVQ2HmR6nz8xAN%2B7LGTRnwiZtyByzItI%2FcORoeG%2FacHqV%2FYnWR0r%2Bbx1XgtgiFOv%2BN8deRbSSe19XhQb%2BUteA%2B2HU4x0%2Bz9NoW8ky92fHdXQAYF1DqcJ4uzfyWdP%2Fwx4r4kdOktzb6meT0nk4yUrTRT9wufgpVrdZJIITISB8DlMTIWFe3Gn3KTy%2B8fB8pzwe8Vpy7Jz8OXqQzy2%2FSE8Rs9RxoWWrzHamYR2EJLriWUz7o%2BvOMy1L0uXKRLhC63Owhh1fvff%2BbQyiANfNS3NP%2FysAPzAA94TJg2AhIg8GJX6gxDnmUv0K5I18YpvGgmEtabi4QQ%2FbY6lDczEZtk7ynSWQL4UKUKIt9BSyAoj50zTnXrtAIOo7vCBJjFVslnUhj8vA7%2Bf0FzFwPcpmuNQwMJYFG3rDx2acSolN0cH4B1FqU%2BTO4b0n4iW7sq7e2J6ROP6oi9o%2FNbVrUfmuKt9Fg6VkbRMGA4mJMH8Vy2i92mtlyNKVrm0IAlG8m9zHceSQGk%2FdwPrGVblmj4q3xu%2BdoXqRyMdWrrolmxgv04fwc95KFRcX2Iu5hWK39tcSaWNcFS%2F8%2FP2HGr3N0ebXGL073x3rY9%2BnZ%2Fs8vPLzj%2FG0B%2F0fXMvypHUhSXoPDbOTFSK9QBozFyQaI5NKCF1UYVWMwZ7UqwW7H5zX%2FXdP%2FYssXOOp5mm3guL3rBLD4U%3D&source_type=1&pack_time=1520480862.2", 
                        "http://chet.rayjump.com/ad/log/click?k=5aa0b25d4e52425183789294&backend=8&app_id=24282&unit_id=2163&publisher_id=5731&offer_id=91612377266&sdk_version=mal_8.4.0&app_version=1.0&key_name=toutiao_android&source_url=", 
                        "http://test-mtrack.rayjump.com/ad/log/play?k=5aa0b25d4e52425183789294&mp=fkcti7RBfkNTHnVBfaR2inlAfAlPiU3T6aVbiAcIiUNBGazIiUjFibM96al1invFinRAfAhBfUD1i%2BeangMbiA3B6acIGnxIfZ9MWUcIYkcs%2BAl%2Ffo9M6aj%2FidegYFKgY75IYr59J%2BiBia596aVTidlPfUSIi%2BeQYgMP6dMM6aSIidM9fUDAiANMiAVTfUNPiUSIiaRMiavMiavMiavM675QGnxtGkztWkiMfA3wfah9f0T9GaDbWnztDUjMGk53fnDeidMBDncQDnNAiA3TfrjeGaNM6dMeiatIfnSIi%2BMBGaNb6al1J7K2J7QtY2KtYrxBYFQ3GUi%3D&type=reward_video&key=download_start&ext=falMfnDeinieGa5IY7KUNTQzD5JxZnVQi3zthF2LhTP%2B4UcaD5cnVTunn%2BHs5FTAJdSLxUS3DrE2iFwg4jKADncPNV5rZ3uLZUQpYazNDrHP5ncukVeqf7wqYkKsxAlFYbuGY2Hu5bJwx5f7ZFxx4dRQi3DMZQHzfbcgLbuHGoVBxgtjxdQkxriMHreVLTuNk%2Bcz4cSskav9x3w1k32%2FfdcPfFxfi3K1nUzMJU5HDQxyV5twDFlTJ2NQi3zLJFtVHVQDDUQFNBVBNUSNfkwefnHc5VQ8kUS9nreixQJGJ5ucHQRMxoVBNgNb45ibLQfihAcwV5ccfTQoZFPtHFHoznz7xTH2JrHtnTcoYUxn5TQ8VrHXZ%2Bz%2FkVc2NFhBNkKVhaheDr5NVgHyDTQchcRbY%2BQLJ5SrGaHbnVjBhjf9xkKsnFtGznz7555sVcVPYcJVxaSaDFc%2BiUxTi2xziAx14cx%2BGcQfLTRB4r2XznzoV5z75dueVVD2LTxGV3eLi7Qin7P1x5JUYduTx%2BfFfQxnJcuiDVuWGj2WZk2y5jJnng5A4aD9znzok35ghaz7f3wM4nzznFJSkV5qYcta4Uz2fUzzJdJ94QSnH75NVUSRHn5sH7zT4gxoNF2e572TfVfpV55eHoVBxrwZV2zuhV2Vx3fdDre3knzbicH0ZQx3NnVAnrwnD%2B5TxFx94a3bx7Henctg5QjBZ72ZfrP1GdtSn0VBNUJix2xZYgJukgxPNgQ1Z%2Bxzznz7DTKZYF5dznz7DkfRh5DQi3HHYQJZidRQi3z04acDHbxgLVHyJ0VBN399H75ZDQfnHnjPk7txD0VBNQ5THVjQi3RBZcVT4avQi3z1GVPX5At84n3BH3t3kccSkVDexdcUZUx24rHP5FxNznz7JblThUx8HjK8Jdu0fr2Q5aS%2FLAxP5%2BzVVQNPJb5rHbSkhrxLZ3Qz5jQnNUtjYj2VZ5J7HnfdYUfW5d3Qi3R9H3R9hdubHntkhd3bZgE9n2teV%2BuPi0VBxQfcGczAG5z9Y2J%2BhguRDk2HVUzcZ3eBL5J54UJXznzoJ3Kf4nciid5DZ2ziLjiFiTKbL7leHgHrH0VBNrzx4kQSnrHGVAfGVoVBxgQAN5S1NVjPfcxpHAzSLjQgGjJpkaHg4jx%2FY55Fijs2Znj9k%2BSFxFJwx%2BxtDr3TV5jQi3H0knHsx7f1x5uTLAJPYQf%2BVVMT5Vw5ZTQTGVzn4VcXLUVM4Qx%2FkdzTNVQyYAJFNTzpL3HkhFe%2F5ktqGdHSfBVBNrDMxgu7J2SUh722nQcbnVuHx3hAh3x9ircUVFKsnUSUZaxoiVHe5ZVBNQxyf7RMYUxu5AJAhnJQi3EFV3KNfrKuGkIQi3HGDQHB5kHwJVwTGVHgfQH8DQzfxTjTYVufZatk4nzuGnzwJ7ePn3wkhrTMZVcsxAtwG%2BuRDF5nVVJ8znz7HdJNh3JkDrewLUxeibt2znzoH7KDh5zPnkx%2BhgzXY729HbDMf7HbDA32ZTHZD2lBZ%2BV2LcJWiAQTD2ft5TPUxQiQi3D9znz7VazRxbRAnUSQDQtdnavbiblAhQ3PznzoYQEQi3HAGdHNnduqznz7xASoznz7i7HDn%2BHPhjt5LcfDY2SjD3KVxQfWG5coYbu745ctZn5GZTf7i55H5QJfJ2Eb5%2Bcb5AJRf%2BuDznz7k7xNznz7k%2BfAkjKyha5wYnfgJVMAh3zixax5znfj"
                    ]
                }, 
                "imp_ua": "", 
                "video_size": 1236835, 
                "template": 1, 
                "video_resolution": "640x360", 
                "link_type": 4, 
                "impression_url": "http://test-net.rayjump.com/impression?k=5aa0b25d4e52425183789294&mp=fkcti7RBfkNTHnVBfaR2inlAfAlPiU3T6aVbiAcIiUNBGazIiUjFibM96al1invFinRAfAhBfUD1i%2BeangMbiA3B6acIGnxIfZ9MWUcIYkcs%2BAl%2Ffo9M6aj%2FidegYFKgY75IYr59J%2BiBia596aVTidlPfUSIi%2BeQYgMP6dMeinR%2FGnN%2FinDBWURTf%2BMeGnR%2FinD9WUj%2FinhP6ajPi09efUl%2FiZ9eGa5IGaDFiAiTiai2faDTGnRM6avBiavMiavMiavMidMBDncQDnNAiA3TfrjeGaNM675QGnxtGkztWkiMfA3wfah9f0T9GaDbWnztDUjMGk53fnDeideIinv96aVM6acIiUlTfbM9GgxXJ%2BxuDkK6DkP3hrKuHaEA6v%3D%3D", 
                "c_ua": "", 
                "gif_url": "", 
                "video_end_type": 2, 
                "storekit": 0, 
                "click_mode": 0, 
                "retarget_offer": 2, 
                "ctype": 0, 
                "fca": 0, 
                "fcb": 1, 
                "adv_imp": [], 
                "ctatext": "\u70b9\u51fb\u4e0b\u8f7d", 
                "image_size": "VIDEO", 
                "offer_type": 0, 
                "desc": "\u5378\u8f7d\u6389\u4f60\u624b\u673a\u91cc\u7684\u5047\u5854\u9632\u5427\uff0c\u8fd9\u5854\u9632\u4fdd\u8bc1\u4f60\u80fd\u73a9\u4e09\u5e74\uff01", 
                "landing_type": 0, 
                "reward_name": "", 
                "notice_url": "http://test-net.rayjump.com/click?k=5aa0b25d4e52425183789294&mp=fkcti7RBfkNTHnVBfaR2inlAfAlPiU3T6aVbiAcIiUNBGazIiUjFibM96al1invFinRAfAhBfUD1i%2BeangMbiA3B6acIGnxIfZ9MWUcIYkcs%2BAl%2Ffo9M6aj%2FidegYFKgY75IYr59J%2BiBia596aVTidlPfUSIi%2BeQYgMP6dMeinR%2FGnN%2FinDBWURTf%2BMeGnR%2FinD9WUj%2FinhP6ajPi09efUl%2FiZ9eGa5IGaDFiAiTiai2faDTGnRM6avBiavMiavMiavMidMBDncQDnNAiA3TfrjeGaNM675QGnxtGkztWkiMfA3wfah9f0T9GaDbWnztDUjMGk53fnDeideIinv96aVM6acIiUlTfbM9GgxXJ%2BxuDkK6DkP3hrKuHaEA6v%3D%3D", 
                "md5_file": "", 
                "c_ct": 0, 
                "image_url": "http://p1.pstatp.com/ad/union/1200x627/67810001b377d77031bc", 
                "ttc_ct": 0, 
                "ttc_ct2": 0, 
                "watch_mile": 0, 
                "number_rating": 30633, 
                "playable_ads_without_video": 1, 
                "app_size": ""
            }
        ], 
        "ad_type": 94, 
        "session_id": "5aa0b25d4e52425183478927", 
        "unit_size": "540x960", 
        "html_url": "", 
        "end_screen_url": "http://hybird.rayjump.com/offerwall/tpl/reward/endscreen.html?unit_id=2163&sdk_version=mal_8.4.0", 
        "template": 2, 
        "parent_session_id": "5aa0b25d4e52425183478928"
    }
}
2018-03-08 11:47:42 [DEBUG] [file_utils.py:135] impKey is: 5aa0b25d4e52425183789294
2018-03-08 11:47:42 [DEBUG] [file_utils.py:135] clkKey is: 5aa0b25d4e52425183789294
2018-03-08 11:47:42 [DEBUG] [file_utils.py:135] show offer param details:
2018-03-08 11:47:42 [DEBUG] [file_utils.py:135] endcard_url is: 
2018-03-08 11:47:42 [DEBUG] [file_utils.py:135] endscreen_url is: None
2018-03-08 11:47:42 [DEBUG] [file_utils.py:135] id is: 10612377266
2018-03-08 11:47:42 [DEBUG] [file_utils.py:135] ------------------------------------------------------------------------------------------------------------------------------------------------------
2018-03-08 11:47:42 [DEBUG] [file_utils.py:135] send url in response, summary: 16
2018-03-08 11:47:42 [DEBUG] [file_utils.py:135] 请求的url: http://test-mtrack.rayjump.com/ad/log/play?k=5aa0b25d4e52425183789294&mp=fkcti7RBfkNTHnVBfaR2inlAfAlPiU3T6aVbiAcIiUNBGazIiUjFibM96al1invFinRAfAhBfUD1i%2BeangMbiA3B6acIGnxIfZ9MWUcIYkcs%2BAl%2Ffo9M6aj%2FidegYFKgY75IYr59J%2BiBia596aVTidlPfUSIi%2BeQYgMP6dMM6aSIidM9fUDAiANMiAVTfUNPiUSIiaRMiavMiavMiavM675QGnxtGkztWkiMfA3wfah9f0T9GaDbWnztDUjMGk53fnDeidMBDncQDnNAiA3TfrjeGaNM6dMeiatIfnSIi%2BMBGaNb6al1J7K2J7QtY2KtYrxBYFQ3GUi%3D&type=reward_video&key=play_percentage&rate=0&ext=falMfnDeinieGa5IY7KUNTQzD5JxZnVQi3zthF2LhTP%2B4UcaD5cnVTunn%2BHs5FTAJdSLxUS3DrE2iFwg4jKADncPNV5rZ3uLZUQpYazNDrHP5ncukVeqf7wqYkKsxAlFYbuGY2Hu5bJwx5f7ZFxx4dRQi3DMZQHzfbcgLbuHGoVBxgtjxdQkxriMHreVLTuNk%2Bcz4cSskav9x3w1k32%2FfdcPfFxfi3K1nUzMJU5HDQxyV5twDFlTJ2NQi3zLJFtVHVQDDUQFNBVBNUSNfkwefnHc5VQ8kUS9nreixQJGJ5ucHQRMxoVBNgNb45ibLQfihAcwV5ccfTQoZFPtHFHoznz7xTH2JrHtnTcoYUxn5TQ8VrHXZ%2Bz%2FkVc2NFhBNkKVhaheDr5NVgHyDTQchcRbY%2BQLJ5SrGaHbnVjBhjf9xkKsnFtGznz7555sVcVPYcJVxaSaDFc%2BiUxTi2xziAx14cx%2BGcQfLTRB4r2XznzoV5z75dueVVD2LTxGV3eLi7Qin7P1x5JUYduTx%2BfFfQxnJcuiDVuWGj2WZk2y5jJnng5A4aD9znzok35ghaz7f3wM4nzznFJSkV5qYcta4Uz2fUzzJdJ94QSnH75NVUSRHn5sH7zT4gxoNF2e572TfVfpV55eHoVBxrwZV2zuhV2Vx3fdDre3knzbicH0ZQx3NnVAnrwnD%2B5TxFx94a3bx7Henctg5QjBZ72ZfrP1GdtSn0VBNUJix2xZYgJukgxPNgQ1Z%2Bxzznz7DTKZYF5dznz7DkfRh5DQi3HHYQJZidRQi3z04acDHbxgLVHyJ0VBN399H75ZDQfnHnjPk7txD0VBNQ5THVjQi3RBZcVT4avQi3z1GVPX5At84n3BH3t3kccSkVDexdcUZUx24rHP5FxNznz7JblThUx8HjK8Jdu0fr2Q5aS%2FLAxP5%2BzVVQNPJb5rHbSkhrxLZ3Qz5jQnNUtjYj2VZ5J7HnfdYUfW5d3Qi3R9H3R9hdubHntkhd3bZgE9n2teV%2BuPi0VBxQfcGczAG5z9Y2J%2BhguRDk2HVUzcZ3eBL5J54UJXznzoJ3Kf4nciid5DZ2ziLjiFiTKbL7leHgHrH0VBNrzx4kQSnrHGVAfGVoVBxgQAN5S1NVjPfcxpHAzSLjQgGjJpkaHg4jx%2FY55Fijs2Znj9k%2BSFxFJwx%2BxtDr3TV5jQi3H0knHsx7f1x5uTLAJPYQf%2BVVMT5Vw5ZTQTGVzn4VcXLUVM4Qx%2FkdzTNVQyYAJFNTzpL3HkhFe%2F5ktqGdHSfBVBNrDMxgu7J2SUh722nQcbnVuHx3hAh3x9ircUVFKsnUSUZaxoiVHe5ZVBNQxyf7RMYUxu5AJAhnJQi3EFV3KNfrKuGkIQi3HGDQHB5kHwJVwTGVHgfQH8DQzfxTjTYVufZatk4nzuGnzwJ7ePn3wkhrTMZVcsxAtwG%2BuRDF5nVVJ8znz7HdJNh3JkDrewLUxeibt2znzoH7KDh5zPnkx%2BhgzXY729HbDMf7HbDA32ZTHZD2lBZ%2BV2LcJWiAQTD2ft5TPUxQiQi3D9znz7VazRxbRAnUSQDQtdnavbiblAhQ3PznzoYQEQi3HAGdHNnduqznz7xASoznz7i7HDn%2BHPhjt5LcfDY2SjD3KVxQfWG5coYbu745ctZn5GZTf7i55H5QJfJ2Eb5%2Bcb5AJRf%2BuDznz7k7xNznz7k%2BfAkjKyha5wYnfgJVMAh3zixax5znfj
2018-03-08 11:47:42 [DEBUG] [connectionpool.py:207] Starting new HTTP connection (1): test-mtrack.rayjump.com
2018-03-08 11:47:42 [DEBUG] [connectionpool.py:395] http://test-mtrack.rayjump.com:80 "GET /ad/log/play?k=5aa0b25d4e52425183789294&mp=fkcti7RBfkNTHnVBfaR2inlAfAlPiU3T6aVbiAcIiUNBGazIiUjFibM96al1invFinRAfAhBfUD1i%2BeangMbiA3B6acIGnxIfZ9MWUcIYkcs%2BAl%2Ffo9M6aj%2FidegYFKgY75IYr59J%2BiBia596aVTidlPfUSIi%2BeQYgMP6dMM6aSIidM9fUDAiANMiAVTfUNPiUSIiaRMiavMiavMiavM675QGnxtGkztWkiMfA3wfah9f0T9GaDbWnztDUjMGk53fnDeidMBDncQDnNAiA3TfrjeGaNM6dMeiatIfnSIi%2BMBGaNb6al1J7K2J7QtY2KtYrxBYFQ3GUi%3D&type=reward_video&key=play_percentage&rate=0&ext=falMfnDeinieGa5IY7KUNTQzD5JxZnVQi3zthF2LhTP%2B4UcaD5cnVTunn%2BHs5FTAJdSLxUS3DrE2iFwg4jKADncPNV5rZ3uLZUQpYazNDrHP5ncukVeqf7wqYkKsxAlFYbuGY2Hu5bJwx5f7ZFxx4dRQi3DMZQHzfbcgLbuHGoVBxgtjxdQkxriMHreVLTuNk%2Bcz4cSskav9x3w1k32%2FfdcPfFxfi3K1nUzMJU5HDQxyV5twDFlTJ2NQi3zLJFtVHVQDDUQFNBVBNUSNfkwefnHc5VQ8kUS9nreixQJGJ5ucHQRMxoVBNgNb45ibLQfihAcwV5ccfTQoZFPtHFHoznz7xTH2JrHtnTcoYUxn5TQ8VrHXZ%2Bz%2FkVc2NFhBNkKVhaheDr5NVgHyDTQchcRbY%2BQLJ5SrGaHbnVjBhjf9xkKsnFtGznz7555sVcVPYcJVxaSaDFc%2BiUxTi2xziAx14cx%2BGcQfLTRB4r2XznzoV5z75dueVVD2LTxGV3eLi7Qin7P1x5JUYduTx%2BfFfQxnJcuiDVuWGj2WZk2y5jJnng5A4aD9znzok35ghaz7f3wM4nzznFJSkV5qYcta4Uz2fUzzJdJ94QSnH75NVUSRHn5sH7zT4gxoNF2e572TfVfpV55eHoVBxrwZV2zuhV2Vx3fdDre3knzbicH0ZQx3NnVAnrwnD%2B5TxFx94a3bx7Henctg5QjBZ72ZfrP1GdtSn0VBNUJix2xZYgJukgxPNgQ1Z%2Bxzznz7DTKZYF5dznz7DkfRh5DQi3HHYQJZidRQi3z04acDHbxgLVHyJ0VBN399H75ZDQfnHnjPk7txD0VBNQ5THVjQi3RBZcVT4avQi3z1GVPX5At84n3BH3t3kccSkVDexdcUZUx24rHP5FxNznz7JblThUx8HjK8Jdu0fr2Q5aS%2FLAxP5%2BzVVQNPJb5rHbSkhrxLZ3Qz5jQnNUtjYj2VZ5J7HnfdYUfW5d3Qi3R9H3R9hdubHntkhd3bZgE9n2teV%2BuPi0VBxQfcGczAG5z9Y2J%2BhguRDk2HVUzcZ3eBL5J54UJXznzoJ3Kf4nciid5DZ2ziLjiFiTKbL7leHgHrH0VBNrzx4kQSnrHGVAfGVoVBxgQAN5S1NVjPfcxpHAzSLjQgGjJpkaHg4jx%2FY55Fijs2Znj9k%2BSFxFJwx%2BxtDr3TV5jQi3H0knHsx7f1x5uTLAJPYQf%2BVVMT5Vw5ZTQTGVzn4VcXLUVM4Qx%2FkdzTNVQyYAJFNTzpL3HkhFe%2F5ktqGdHSfBVBNrDMxgu7J2SUh722nQcbnVuHx3hAh3x9ircUVFKsnUSUZaxoiVHe5ZVBNQxyf7RMYUxu5AJAhnJQi3EFV3KNfrKuGkIQi3HGDQHB5kHwJVwTGVHgfQH8DQzfxTjTYVufZatk4nzuGnzwJ7ePn3wkhrTMZVcsxAtwG%2BuRDF5nVVJ8znz7HdJNh3JkDrewLUxeibt2znzoH7KDh5zPnkx%2BhgzXY729HbDMf7HbDA32ZTHZD2lBZ%2BV2LcJWiAQTD2ft5TPUxQiQi3D9znz7VazRxbRAnUSQDQtdnavbiblAhQ3PznzoYQEQi3HAGdHNnduqznz7xASoznz7i7HDn%2BHPhjt5LcfDY2SjD3KVxQfWG5coYbu745ctZn5GZTf7i55H5QJfJ2Eb5%2Bcb5AJRf%2BuDznz7k7xNznz7k%2BfAkjKyha5wYnfgJVMAh3zixax5znfj HTTP/1.1" 200 1
2018-03-08 11:47:42 [DEBUG] [file_utils.py:135] 请求的url: http://test-mtrack.rayjump.com/ad/log/play?k=5aa0b25d4e52425183789294&mp=fkcti7RBfkNTHnVBfaR2inlAfAlPiU3T6aVbiAcIiUNBGazIiUjFibM96al1invFinRAfAhBfUD1i%2BeangMbiA3B6acIGnxIfZ9MWUcIYkcs%2BAl%2Ffo9M6aj%2FidegYFKgY75IYr59J%2BiBia596aVTidlPfUSIi%2BeQYgMP6dMM6aSIidM9fUDAiANMiAVTfUNPiUSIiaRMiavMiavMiavM675QGnxtGkztWkiMfA3wfah9f0T9GaDbWnztDUjMGk53fnDeidMBDncQDnNAiA3TfrjeGaNM6dMeiatIfnSIi%2BMBGaNb6al1J7K2J7QtY2KtYrxBYFQ3GUi%3D&video_play_time=13&type=reward_video&key=play_percentage&rate=100&ext=falMfnDeinieGa5IY7KUNTQzD5JxZnVQi3zthF2LhTP%2B4UcaD5cnVTunn%2BHs5FTAJdSLxUS3DrE2iFwg4jKADncPNV5rZ3uLZUQpYazNDrHP5ncukVeqf7wqYkKsxAlFYbuGY2Hu5bJwx5f7ZFxx4dRQi3DMZQHzfbcgLbuHGoVBxgtjxdQkxriMHreVLTuNk%2Bcz4cSskav9x3w1k32%2FfdcPfFxfi3K1nUzMJU5HDQxyV5twDFlTJ2NQi3zLJFtVHVQDDUQFNBVBNUSNfkwefnHc5VQ8kUS9nreixQJGJ5ucHQRMxoVBNgNb45ibLQfihAcwV5ccfTQoZFPtHFHoznz7xTH2JrHtnTcoYUxn5TQ8VrHXZ%2Bz%2FkVc2NFhBNkKVhaheDr5NVgHyDTQchcRbY%2BQLJ5SrGaHbnVjBhjf9xkKsnFtGznz7555sVcVPYcJVxaSaDFc%2BiUxTi2xziAx14cx%2BGcQfLTRB4r2XznzoV5z75dueVVD2LTxGV3eLi7Qin7P1x5JUYduTx%2BfFfQxnJcuiDVuWGj2WZk2y5jJnng5A4aD9znzok35ghaz7f3wM4nzznFJSkV5qYcta4Uz2fUzzJdJ94QSnH75NVUSRHn5sH7zT4gxoNF2e572TfVfpV55eHoVBxrwZV2zuhV2Vx3fdDre3knzbicH0ZQx3NnVAnrwnD%2B5TxFx94a3bx7Henctg5QjBZ72ZfrP1GdtSn0VBNUJix2xZYgJukgxPNgQ1Z%2Bxzznz7DTKZYF5dznz7DkfRh5DQi3HHYQJZidRQi3z04acDHbxgLVHyJ0VBN399H75ZDQfnHnjPk7txD0VBNQ5THVjQi3RBZcVT4avQi3z1GVPX5At84n3BH3t3kccSkVDexdcUZUx24rHP5FxNznz7JblThUx8HjK8Jdu0fr2Q5aS%2FLAxP5%2BzVVQNPJb5rHbSkhrxLZ3Qz5jQnNUtjYj2VZ5J7HnfdYUfW5d3Qi3R9H3R9hdubHntkhd3bZgE9n2teV%2BuPi0VBxQfcGczAG5z9Y2J%2BhguRDk2HVUzcZ3eBL5J54UJXznzoJ3Kf4nciid5DZ2ziLjiFiTKbL7leHgHrH0VBNrzx4kQSnrHGVAfGVoVBxgQAN5S1NVjPfcxpHAzSLjQgGjJpkaHg4jx%2FY55Fijs2Znj9k%2BSFxFJwx%2BxtDr3TV5jQi3H0knHsx7f1x5uTLAJPYQf%2BVVMT5Vw5ZTQTGVzn4VcXLUVM4Qx%2FkdzTNVQyYAJFNTzpL3HkhFe%2F5ktqGdHSfBVBNrDMxgu7J2SUh722nQcbnVuHx3hAh3x9ircUVFKsnUSUZaxoiVHe5ZVBNQxyf7RMYUxu5AJAhnJQi3EFV3KNfrKuGkIQi3HGDQHB5kHwJVwTGVHgfQH8DQzfxTjTYVufZatk4nzuGnzwJ7ePn3wkhrTMZVcsxAtwG%2BuRDF5nVVJ8znz7HdJNh3JkDrewLUxeibt2znzoH7KDh5zPnkx%2BhgzXY729HbDMf7HbDA32ZTHZD2lBZ%2BV2LcJWiAQTD2ft5TPUxQiQi3D9znz7VazRxbRAnUSQDQtdnavbiblAhQ3PznzoYQEQi3HAGdHNnduqznz7xASoznz7i7HDn%2BHPhjt5LcfDY2SjD3KVxQfWG5coYbu745ctZn5GZTf7i55H5QJfJ2Eb5%2Bcb5AJRf%2BuDznz7k7xNznz7k%2BfAkjKyha5wYnfgJVMAh3zixax5znfj
2018-03-08 11:47:42 [DEBUG] [connectionpool.py:207] Starting new HTTP connection (1): test-mtrack.rayjump.com
2018-03-08 11:47:43 [DEBUG] [connectionpool.py:395] http://test-mtrack.rayjump.com:80 "GET /ad/log/play?k=5aa0b25d4e52425183789294&mp=fkcti7RBfkNTHnVBfaR2inlAfAlPiU3T6aVbiAcIiUNBGazIiUjFibM96al1invFinRAfAhBfUD1i%2BeangMbiA3B6acIGnxIfZ9MWUcIYkcs%2BAl%2Ffo9M6aj%2FidegYFKgY75IYr59J%2BiBia596aVTidlPfUSIi%2BeQYgMP6dMM6aSIidM9fUDAiANMiAVTfUNPiUSIiaRMiavMiavMiavM675QGnxtGkztWkiMfA3wfah9f0T9GaDbWnztDUjMGk53fnDeidMBDncQDnNAiA3TfrjeGaNM6dMeiatIfnSIi%2BMBGaNb6al1J7K2J7QtY2KtYrxBYFQ3GUi%3D&video_play_time=13&type=reward_video&key=play_percentage&rate=100&ext=falMfnDeinieGa5IY7KUNTQzD5JxZnVQi3zthF2LhTP%2B4UcaD5cnVTunn%2BHs5FTAJdSLxUS3DrE2iFwg4jKADncPNV5rZ3uLZUQpYazNDrHP5ncukVeqf7wqYkKsxAlFYbuGY2Hu5bJwx5f7ZFxx4dRQi3DMZQHzfbcgLbuHGoVBxgtjxdQkxriMHreVLTuNk%2Bcz4cSskav9x3w1k32%2FfdcPfFxfi3K1nUzMJU5HDQxyV5twDFlTJ2NQi3zLJFtVHVQDDUQFNBVBNUSNfkwefnHc5VQ8kUS9nreixQJGJ5ucHQRMxoVBNgNb45ibLQfihAcwV5ccfTQoZFPtHFHoznz7xTH2JrHtnTcoYUxn5TQ8VrHXZ%2Bz%2FkVc2NFhBNkKVhaheDr5NVgHyDTQchcRbY%2BQLJ5SrGaHbnVjBhjf9xkKsnFtGznz7555sVcVPYcJVxaSaDFc%2BiUxTi2xziAx14cx%2BGcQfLTRB4r2XznzoV5z75dueVVD2LTxGV3eLi7Qin7P1x5JUYduTx%2BfFfQxnJcuiDVuWGj2WZk2y5jJnng5A4aD9znzok35ghaz7f3wM4nzznFJSkV5qYcta4Uz2fUzzJdJ94QSnH75NVUSRHn5sH7zT4gxoNF2e572TfVfpV55eHoVBxrwZV2zuhV2Vx3fdDre3knzbicH0ZQx3NnVAnrwnD%2B5TxFx94a3bx7Henctg5QjBZ72ZfrP1GdtSn0VBNUJix2xZYgJukgxPNgQ1Z%2Bxzznz7DTKZYF5dznz7DkfRh5DQi3HHYQJZidRQi3z04acDHbxgLVHyJ0VBN399H75ZDQfnHnjPk7txD0VBNQ5THVjQi3RBZcVT4avQi3z1GVPX5At84n3BH3t3kccSkVDexdcUZUx24rHP5FxNznz7JblThUx8HjK8Jdu0fr2Q5aS%2FLAxP5%2BzVVQNPJb5rHbSkhrxLZ3Qz5jQnNUtjYj2VZ5J7HnfdYUfW5d3Qi3R9H3R9hdubHntkhd3bZgE9n2teV%2BuPi0VBxQfcGczAG5z9Y2J%2BhguRDk2HVUzcZ3eBL5J54UJXznzoJ3Kf4nciid5DZ2ziLjiFiTKbL7leHgHrH0VBNrzx4kQSnrHGVAfGVoVBxgQAN5S1NVjPfcxpHAzSLjQgGjJpkaHg4jx%2FY55Fijs2Znj9k%2BSFxFJwx%2BxtDr3TV5jQi3H0knHsx7f1x5uTLAJPYQf%2BVVMT5Vw5ZTQTGVzn4VcXLUVM4Qx%2FkdzTNVQyYAJFNTzpL3HkhFe%2F5ktqGdHSfBVBNrDMxgu7J2SUh722nQcbnVuHx3hAh3x9ircUVFKsnUSUZaxoiVHe5ZVBNQxyf7RMYUxu5AJAhnJQi3EFV3KNfrKuGkIQi3HGDQHB5kHwJVwTGVHgfQH8DQzfxTjTYVufZatk4nzuGnzwJ7ePn3wkhrTMZVcsxAtwG%2BuRDF5nVVJ8znz7HdJNh3JkDrewLUxeibt2znzoH7KDh5zPnkx%2BhgzXY729HbDMf7HbDA32ZTHZD2lBZ%2BV2LcJWiAQTD2ft5TPUxQiQi3D9znz7VazRxbRAnUSQDQtdnavbiblAhQ3PznzoYQEQi3HAGdHNnduqznz7xASoznz7i7HDn%2BHPhjt5LcfDY2SjD3KVxQfWG5coYbu745ctZn5GZTf7i55H5QJfJ2Eb5%2Bcb5AJRf%2BuDznz7k7xNznz7k%2BfAkjKyha5wYnfgJVMAh3zixax5znfj HTTP/1.1" 200 1
2018-03-08 11:47:43 [DEBUG] [file_utils.py:135] 请求的url: http://test-mtrack.rayjump.com/ad/log/play?k=5aa0b25d4e52425183789294&mp=fkcti7RBfkNTHnVBfaR2inlAfAlPiU3T6aVbiAcIiUNBGazIiUjFibM96al1invFinRAfAhBfUD1i%2BeangMbiA3B6acIGnxIfZ9MWUcIYkcs%2BAl%2Ffo9M6aj%2FidegYFKgY75IYr59J%2BiBia596aVTidlPfUSIi%2BeQYgMP6dMM6aSIidM9fUDAiANMiAVTfUNPiUSIiaRMiavMiavMiavM675QGnxtGkztWkiMfA3wfah9f0T9GaDbWnztDUjMGk53fnDeidMBDncQDnNAiA3TfrjeGaNM6dMeiatIfnSIi%2BMBGaNb6al1J7K2J7QtY2KtYrxBYFQ3GUi%3D&type=reward_video&key=download_start&ext=falMfnDeinieGa5IY7KUNTQzD5JxZnVQi3zthF2LhTP%2B4UcaD5cnVTunn%2BHs5FTAJdSLxUS3DrE2iFwg4jKADncPNV5rZ3uLZUQpYazNDrHP5ncukVeqf7wqYkKsxAlFYbuGY2Hu5bJwx5f7ZFxx4dRQi3DMZQHzfbcgLbuHGoVBxgtjxdQkxriMHreVLTuNk%2Bcz4cSskav9x3w1k32%2FfdcPfFxfi3K1nUzMJU5HDQxyV5twDFlTJ2NQi3zLJFtVHVQDDUQFNBVBNUSNfkwefnHc5VQ8kUS9nreixQJGJ5ucHQRMxoVBNgNb45ibLQfihAcwV5ccfTQoZFPtHFHoznz7xTH2JrHtnTcoYUxn5TQ8VrHXZ%2Bz%2FkVc2NFhBNkKVhaheDr5NVgHyDTQchcRbY%2BQLJ5SrGaHbnVjBhjf9xkKsnFtGznz7555sVcVPYcJVxaSaDFc%2BiUxTi2xziAx14cx%2BGcQfLTRB4r2XznzoV5z75dueVVD2LTxGV3eLi7Qin7P1x5JUYduTx%2BfFfQxnJcuiDVuWGj2WZk2y5jJnng5A4aD9znzok35ghaz7f3wM4nzznFJSkV5qYcta4Uz2fUzzJdJ94QSnH75NVUSRHn5sH7zT4gxoNF2e572TfVfpV55eHoVBxrwZV2zuhV2Vx3fdDre3knzbicH0ZQx3NnVAnrwnD%2B5TxFx94a3bx7Henctg5QjBZ72ZfrP1GdtSn0VBNUJix2xZYgJukgxPNgQ1Z%2Bxzznz7DTKZYF5dznz7DkfRh5DQi3HHYQJZidRQi3z04acDHbxgLVHyJ0VBN399H75ZDQfnHnjPk7txD0VBNQ5THVjQi3RBZcVT4avQi3z1GVPX5At84n3BH3t3kccSkVDexdcUZUx24rHP5FxNznz7JblThUx8HjK8Jdu0fr2Q5aS%2FLAxP5%2BzVVQNPJb5rHbSkhrxLZ3Qz5jQnNUtjYj2VZ5J7HnfdYUfW5d3Qi3R9H3R9hdubHntkhd3bZgE9n2teV%2BuPi0VBxQfcGczAG5z9Y2J%2BhguRDk2HVUzcZ3eBL5J54UJXznzoJ3Kf4nciid5DZ2ziLjiFiTKbL7leHgHrH0VBNrzx4kQSnrHGVAfGVoVBxgQAN5S1NVjPfcxpHAzSLjQgGjJpkaHg4jx%2FY55Fijs2Znj9k%2BSFxFJwx%2BxtDr3TV5jQi3H0knHsx7f1x5uTLAJPYQf%2BVVMT5Vw5ZTQTGVzn4VcXLUVM4Qx%2FkdzTNVQyYAJFNTzpL3HkhFe%2F5ktqGdHSfBVBNrDMxgu7J2SUh722nQcbnVuHx3hAh3x9ircUVFKsnUSUZaxoiVHe5ZVBNQxyf7RMYUxu5AJAhnJQi3EFV3KNfrKuGkIQi3HGDQHB5kHwJVwTGVHgfQH8DQzfxTjTYVufZatk4nzuGnzwJ7ePn3wkhrTMZVcsxAtwG%2BuRDF5nVVJ8znz7HdJNh3JkDrewLUxeibt2znzoH7KDh5zPnkx%2BhgzXY729HbDMf7HbDA32ZTHZD2lBZ%2BV2LcJWiAQTD2ft5TPUxQiQi3D9znz7VazRxbRAnUSQDQtdnavbiblAhQ3PznzoYQEQi3HAGdHNnduqznz7xASoznz7i7HDn%2BHPhjt5LcfDY2SjD3KVxQfWG5coYbu745ctZn5GZTf7i55H5QJfJ2Eb5%2Bcb5AJRf%2BuDznz7k7xNznz7k%2BfAkjKyha5wYnfgJVMAh3zixax5znfj
2018-03-08 11:47:43 [DEBUG] [connectionpool.py:207] Starting new HTTP connection (1): test-mtrack.rayjump.com
2018-03-08 11:47:43 [DEBUG] [connectionpool.py:395] http://test-mtrack.rayjump.com:80 "GET /ad/log/play?k=5aa0b25d4e52425183789294&mp=fkcti7RBfkNTHnVBfaR2inlAfAlPiU3T6aVbiAcIiUNBGazIiUjFibM96al1invFinRAfAhBfUD1i%2BeangMbiA3B6acIGnxIfZ9MWUcIYkcs%2BAl%2Ffo9M6aj%2FidegYFKgY75IYr59J%2BiBia596aVTidlPfUSIi%2BeQYgMP6dMM6aSIidM9fUDAiANMiAVTfUNPiUSIiaRMiavMiavMiavM675QGnxtGkztWkiMfA3wfah9f0T9GaDbWnztDUjMGk53fnDeidMBDncQDnNAiA3TfrjeGaNM6dMeiatIfnSIi%2BMBGaNb6al1J7K2J7QtY2KtYrxBYFQ3GUi%3D&type=reward_video&key=download_start&ext=falMfnDeinieGa5IY7KUNTQzD5JxZnVQi3zthF2LhTP%2B4UcaD5cnVTunn%2BHs5FTAJdSLxUS3DrE2iFwg4jKADncPNV5rZ3uLZUQpYazNDrHP5ncukVeqf7wqYkKsxAlFYbuGY2Hu5bJwx5f7ZFxx4dRQi3DMZQHzfbcgLbuHGoVBxgtjxdQkxriMHreVLTuNk%2Bcz4cSskav9x3w1k32%2FfdcPfFxfi3K1nUzMJU5HDQxyV5twDFlTJ2NQi3zLJFtVHVQDDUQFNBVBNUSNfkwefnHc5VQ8kUS9nreixQJGJ5ucHQRMxoVBNgNb45ibLQfihAcwV5ccfTQoZFPtHFHoznz7xTH2JrHtnTcoYUxn5TQ8VrHXZ%2Bz%2FkVc2NFhBNkKVhaheDr5NVgHyDTQchcRbY%2BQLJ5SrGaHbnVjBhjf9xkKsnFtGznz7555sVcVPYcJVxaSaDFc%2BiUxTi2xziAx14cx%2BGcQfLTRB4r2XznzoV5z75dueVVD2LTxGV3eLi7Qin7P1x5JUYduTx%2BfFfQxnJcuiDVuWGj2WZk2y5jJnng5A4aD9znzok35ghaz7f3wM4nzznFJSkV5qYcta4Uz2fUzzJdJ94QSnH75NVUSRHn5sH7zT4gxoNF2e572TfVfpV55eHoVBxrwZV2zuhV2Vx3fdDre3knzbicH0ZQx3NnVAnrwnD%2B5TxFx94a3bx7Henctg5QjBZ72ZfrP1GdtSn0VBNUJix2xZYgJukgxPNgQ1Z%2Bxzznz7DTKZYF5dznz7DkfRh5DQi3HHYQJZidRQi3z04acDHbxgLVHyJ0VBN399H75ZDQfnHnjPk7txD0VBNQ5THVjQi3RBZcVT4avQi3z1GVPX5At84n3BH3t3kccSkVDexdcUZUx24rHP5FxNznz7JblThUx8HjK8Jdu0fr2Q5aS%2FLAxP5%2BzVVQNPJb5rHbSkhrxLZ3Qz5jQnNUtjYj2VZ5J7HnfdYUfW5d3Qi3R9H3R9hdubHntkhd3bZgE9n2teV%2BuPi0VBxQfcGczAG5z9Y2J%2BhguRDk2HVUzcZ3eBL5J54UJXznzoJ3Kf4nciid5DZ2ziLjiFiTKbL7leHgHrH0VBNrzx4kQSnrHGVAfGVoVBxgQAN5S1NVjPfcxpHAzSLjQgGjJpkaHg4jx%2FY55Fijs2Znj9k%2BSFxFJwx%2BxtDr3TV5jQi3H0knHsx7f1x5uTLAJPYQf%2BVVMT5Vw5ZTQTGVzn4VcXLUVM4Qx%2FkdzTNVQyYAJFNTzpL3HkhFe%2F5ktqGdHSfBVBNrDMxgu7J2SUh722nQcbnVuHx3hAh3x9ircUVFKsnUSUZaxoiVHe5ZVBNQxyf7RMYUxu5AJAhnJQi3EFV3KNfrKuGkIQi3HGDQHB5kHwJVwTGVHgfQH8DQzfxTjTYVufZatk4nzuGnzwJ7ePn3wkhrTMZVcsxAtwG%2BuRDF5nVVJ8znz7HdJNh3JkDrewLUxeibt2znzoH7KDh5zPnkx%2BhgzXY729HbDMf7HbDA32ZTHZD2lBZ%2BV2LcJWiAQTD2ft5TPUxQiQi3D9znz7VazRxbRAnUSQDQtdnavbiblAhQ3PznzoYQEQi3HAGdHNnduqznz7xASoznz7i7HDn%2BHPhjt5LcfDY2SjD3KVxQfWG5coYbu745ctZn5GZTf7i55H5QJfJ2Eb5%2Bcb5AJRf%2BuDznz7k7xNznz7k%2BfAkjKyha5wYnfgJVMAh3zixax5znfj HTTP/1.1" 200 1
