2017-12-26 18:43:32 [DEBUG] [file_utils.py:135] date:
	expect is : <type 'str'> 2017-12-26 10:29:28
	fact   is : <type 'str'> 2017-12-26 10:29:31
2017-12-26 18:43:32 [DEBUG] [file_utils.py:135] deviceModel:
	expect is : <type 'str'> iPhone6%2C2
	fact   is : <type 'str'> iphone62c2
2017-12-26 18:43:32 [DEBUG] [file_utils.py:135] sdkVersion:
	expect is : <type 'str'> MI_2.8.0
	fact   is : <type 'str'> mi_2.8.0
2017-12-26 18:43:32 [DEBUG] [file_utils.py:135] deviceBrand:
	expect is : <type 'str'> 0
	fact   is : <type 'str'> apple
2017-12-26 18:43:32 [DEBUG] [file_utils.py:135] publisherId:
	expect is : <type 'str'> 6335
	fact   is : <type 'str'> 0
2017-12-26 18:43:48 [DEBUG] [file_utils.py:135] deviceModel:
	expect is : <type 'str'> iPhone6%2C2
	fact   is : <type 'str'> iphone62c2
2017-12-26 18:43:48 [DEBUG] [file_utils.py:135] sdkVersion:
	expect is : <type 'str'> MI_2.8.0
	fact   is : <type 'str'> mi_2.8.0
2017-12-26 18:43:48 [DEBUG] [file_utils.py:135] deviceBrand:
	expect is : <type 'str'> 0
	fact   is : <type 'str'> apple
2017-12-26 18:43:48 [DEBUG] [file_utils.py:135] publisherId:
	expect is : <type 'str'> 6335
	fact   is : <type 'str'> 0
2017-12-26 18:46:06 [DEBUG] [file_utils.py:135] flow_tag_id:
	expect is : <type 'str'> 1
	fact   is : <type 'str'> 0
2017-12-26 18:46:06 [DEBUG] [file_utils.py:135] strategy:
	expect is : <type 'str'> MsysSplitGoodRanker_old_1.6.1.0;10;691
	fact   is : <type 'str'> MsysSplitGoodRanker_new_1.6.1.0;10;691
2017-12-26 18:46:06 [DEBUG] [file_utils.py:135] algorithm:
	expect is : <type 'str'> ad_server
	fact   is : <type 'str'> 0
2017-12-26 18:47:36 [DEBUG] [file_utils.py:135] flow_tag_id:
	expect is : <type 'str'> 1
	fact   is : <type 'str'> 0
2017-12-26 18:47:36 [DEBUG] [file_utils.py:135] strategy:
	expect is : <type 'str'> MsysSplitGoodRanker_old_1.6.1.0;10;691
	fact   is : <type 'str'> MsysSplitGoodRanker_new_1.6.1.0;10;691
2017-12-26 18:47:36 [DEBUG] [file_utils.py:135] algorithm:
	expect is : <type 'str'> ad_server
	fact   is : <type 'str'> 0
