2017-12-28 16:20:49 [DEBUG] [file_utils.py:135] ad_backend_config:
	expect is : <type 'unicode'> 8:toutiao_ios_Butterfly:3;1:mobvista_key_1:1
	fact   is : <type 'unicode'> 8:toutiao_ios_Butterfly:3;1:0:0
2017-12-28 16:20:49 [DEBUG] [file_utils.py:135] deviceBrand:
	expect is : <type 'unicode'> 0
	fact   is : <type 'unicode'> apple
2017-12-28 16:20:49 [DEBUG] [file_utils.py:135] sdkVersion:
	expect is : <type 'unicode'> MI_2.9.7
	fact   is : <type 'unicode'> mi_2.9.7
2017-12-28 16:20:49 [DEBUG] [file_utils.py:135] deviceModel:
	expect is : <type 'unicode'> iPhone8%2C1
	fact   is : <type 'unicode'> iphone82c1
2017-12-28 16:23:09 [DEBUG] [file_utils.py:135] return_num:
	expect is : <type 'unicode'> 2
	fact   is : <type 'unicode'> 1
2017-12-28 16:23:09 [DEBUG] [file_utils.py:135] return_campaignIds:
	expect is : <type 'unicode'> 160451909,132096887
	fact   is : <type 'unicode'> 160451909
2017-12-28 16:23:09 [DEBUG] [file_utils.py:135] ad_num_or_jump:
	expect is : <type 'unicode'> 5
	fact   is : <type 'unicode'> 0
2017-12-28 16:23:09 [DEBUG] [file_utils.py:135] algorithm:
	expect is : <type 'unicode'> ad_server
	fact   is : <type 'unicode'> 0
2017-12-28 16:24:34 [DEBUG] [file_utils.py:135] return_num:
	expect is : <type 'unicode'> 2
	fact   is : <type 'unicode'> 1
2017-12-28 16:24:34 [DEBUG] [file_utils.py:135] return_campaignIds:
	expect is : <type 'unicode'> 160451909,132096887
	fact   is : <type 'unicode'> 160451909
2017-12-28 16:24:34 [DEBUG] [file_utils.py:135] algorithm:
	expect is : <type 'unicode'> ad_server
	fact   is : <type 'unicode'> 0
2017-12-28 16:25:33 [DEBUG] [file_utils.py:135] ext_priceOut:
	expect is : <type 'unicode'> 2.5
	fact   is : <type 'unicode'> 3
2017-12-28 16:25:33 [DEBUG] [file_utils.py:135] ext_priceIn:
	expect is : <type 'unicode'> 2.5
	fact   is : <type 'unicode'> 3
2017-12-28 16:25:33 [DEBUG] [file_utils.py:135] algorithm:
	expect is : <type 'unicode'> ad_server
	fact   is : <type 'unicode'> 0
2017-12-28 16:31:16 [DEBUG] [file_utils.py:135] ext_priceOut:
	expect is : <type 'unicode'> 2.5
	fact   is : <type 'unicode'> 3
2017-12-28 16:31:16 [DEBUG] [file_utils.py:135] ext_priceIn:
	expect is : <type 'unicode'> 2.5
	fact   is : <type 'unicode'> 3
2017-12-28 16:31:16 [DEBUG] [file_utils.py:135] algorithm:
	expect is : <type 'unicode'> ad_server
	fact   is : <type 'unicode'> 0
2017-12-28 16:34:52 [DEBUG] [file_utils.py:135] ad_backend_config:
	expect is : <type 'unicode'> 8:toutiao_ios_Butterfly:3;1:mobvista_key_1:1
	fact   is : <type 'unicode'> 8:toutiao_ios_Butterfly:3;1:0:0
2017-12-28 16:35:52 [DEBUG] [file_utils.py:135] mcc_mnc:
	expect is : <type 'unicode'> 44050
	fact   is : <type 'unicode'> 0
2017-12-28 16:35:52 [DEBUG] [file_utils.py:135] deviceBrand:
	expect is : <type 'unicode'> 0
	fact   is : <type 'unicode'> apple
2017-12-28 16:35:52 [DEBUG] [file_utils.py:135] sdkVersion:
	expect is : <type 'unicode'> MI_2.9.7
	fact   is : <type 'unicode'> mi_2.9.7
2017-12-28 16:35:52 [DEBUG] [file_utils.py:135] deviceModel:
	expect is : <type 'unicode'> iPhone8%2C1
	fact   is : <type 'unicode'> iphone82c1
2017-12-28 16:36:23 [DEBUG] [file_utils.py:135] mcc_mnc:
	expect is : <type 'unicode'> 44050
	fact   is : <type 'unicode'> 0
2017-12-28 16:36:23 [DEBUG] [file_utils.py:135] deviceBrand:
	expect is : <type 'unicode'> 0
	fact   is : <type 'unicode'> apple
2017-12-28 16:36:23 [DEBUG] [file_utils.py:135] sdkVersion:
	expect is : <type 'unicode'> MI_2.9.7
	fact   is : <type 'unicode'> mi_2.9.7
2017-12-28 16:36:23 [DEBUG] [file_utils.py:135] deviceModel:
	expect is : <type 'unicode'> iPhone8%2C1
	fact   is : <type 'unicode'> iphone82c1
2017-12-28 16:37:23 [DEBUG] [file_utils.py:135] ad_backend_config:
	expect is : <type 'unicode'> 8:toutiao_ios_Butterfly:3;1:mobvista_key_1:1
	fact   is : <type 'unicode'> 8:toutiao_ios_Butterfly:3;1:0:0
2017-12-28 16:40:28 [DEBUG] [file_utils.py:135] ext_priceOut:
	expect is : <type 'unicode'> 2.5
	fact   is : <type 'unicode'> 3
2017-12-28 16:40:28 [DEBUG] [file_utils.py:135] ext_priceIn:
	expect is : <type 'unicode'> 2.5
	fact   is : <type 'unicode'> 3
2017-12-28 16:40:28 [DEBUG] [file_utils.py:135] strategy:
	expect is : <type 'unicode'> MsysSplitGoodRanker_new_1.6.1.0;10;497
	fact   is : <type 'unicode'> MsysSplitGoodRanker_old_1.6.1.0;10;497
2017-12-28 16:40:28 [DEBUG] [file_utils.py:135] algorithm:
	expect is : <type 'unicode'> ad_server
	fact   is : <type 'unicode'> 0
2017-12-28 16:47:30 [DEBUG] [file_utils.py:135] ad_backend_config:
	expect is : <type 'unicode'> 1:mobvista_key_1:1;8:toutiao_ios_Butterfly:3
	fact   is : <type 'unicode'> 1:0:0;8:toutiao_ios_Butterfly:3
2017-12-28 16:47:30 [DEBUG] [file_utils.py:135] deviceBrand:
	expect is : <type 'unicode'> 0
	fact   is : <type 'unicode'> apple
2017-12-28 16:47:30 [DEBUG] [file_utils.py:135] ad_backend_data:
	expect is : <type 'unicode'> 8:10895195759:0;1:160451909:1
	fact   is : <type 'unicode'> 1:160451909:1;8:10895195759:0
2017-12-28 16:47:30 [DEBUG] [file_utils.py:135] sdkVersion:
	expect is : <type 'unicode'> MI_2.9.7
	fact   is : <type 'unicode'> mi_2.9.7
2017-12-28 16:47:30 [DEBUG] [file_utils.py:135] deviceModel:
	expect is : <type 'unicode'> iPhone8%2C1
	fact   is : <type 'unicode'> iphone82c1
2017-12-28 16:50:37 [DEBUG] [file_utils.py:135] template:
	expect is : <type 'unicode'> 9
	fact   is : <type 'unicode'> 2
2017-12-28 16:50:37 [DEBUG] [file_utils.py:135] ad_num_or_jump:
	expect is : <type 'unicode'> 5
	fact   is : <type 'unicode'> 0
2017-12-28 16:50:37 [DEBUG] [file_utils.py:135] imageSize:
	expect is : <type 'unicode'> 0
	fact   is : <type 'unicode'> 1200x627
2017-12-28 16:50:37 [DEBUG] [file_utils.py:135] algorithm:
	expect is : <type 'unicode'> ad_server
	fact   is : <type 'unicode'> 0
2017-12-28 16:52:24 [DEBUG] [file_utils.py:135] template:
	expect is : <type 'unicode'> 9
	fact   is : <type 'unicode'> 2
2017-12-28 16:52:24 [DEBUG] [file_utils.py:135] imageSize:
	expect is : <type 'unicode'> 0
	fact   is : <type 'unicode'> 1200x627
2017-12-28 16:52:24 [DEBUG] [file_utils.py:135] algorithm:
	expect is : <type 'unicode'> ad_server
	fact   is : <type 'unicode'> 0
2017-12-28 16:53:22 [DEBUG] [file_utils.py:135] ext_priceOut:
	expect is : <type 'unicode'> 2.5
	fact   is : <type 'unicode'> 3
2017-12-28 16:53:22 [DEBUG] [file_utils.py:135] ext_priceIn:
	expect is : <type 'unicode'> 2.5
	fact   is : <type 'unicode'> 3
2017-12-28 16:53:22 [DEBUG] [file_utils.py:135] algorithm:
	expect is : <type 'unicode'> ad_server
	fact   is : <type 'unicode'> 0
2017-12-28 16:55:08 [DEBUG] [file_utils.py:135] ext_priceOut:
	expect is : <type 'unicode'> 2.5
	fact   is : <type 'unicode'> 3
2017-12-28 16:55:08 [DEBUG] [file_utils.py:135] ext_priceIn:
	expect is : <type 'unicode'> 2.5
	fact   is : <type 'unicode'> 3
2017-12-28 16:55:08 [DEBUG] [file_utils.py:135] algorithm:
	expect is : <type 'unicode'> ad_server
	fact   is : <type 'unicode'> 0
2017-12-28 16:56:06 [DEBUG] [file_utils.py:135] ad_backend_config:
	expect is : <type 'unicode'> 1:mobvista_key_1:1;8:toutiao_ios_Butterfly:3
	fact   is : <type 'unicode'> 1:0:0;8:toutiao_ios_Butterfly:3
2017-12-28 16:56:06 [DEBUG] [file_utils.py:135] ad_backend:
	expect is : <type 'unicode'> 1,8
	fact   is : <type 'unicode'> 1
2017-12-28 16:58:06 [DEBUG] [file_utils.py:135] ad_backend_config:
	expect is : <type 'unicode'> 1:0:3
	fact   is : <type 'unicode'> 1::3
2017-12-28 16:58:40 [DEBUG] [file_utils.py:135] ad_backend_config:
	expect is : <type 'unicode'> 1:0:3
	fact   is : <type 'unicode'> 1::3
