2017-12-27 19:43:43 [DEBUG] [file_utils.py:135] ad_backend_config:
	expect is : <type 'str'> 8:toutiao_ios_Butterfly:3;1:mobvista_key_1:1
	fact   is : <type 'str'> 8:toutiao_ios_Butterfly:3;1:0:0
2017-12-27 19:43:43 [DEBUG] [file_utils.py:135] deviceModel:
	expect is : <type 'str'> iPhone8%2C1
	fact   is : <type 'str'> iphone82c1
2017-12-27 19:43:43 [DEBUG] [file_utils.py:135] sdkVersion:
	expect is : <type 'str'> MI_2.9.7
	fact   is : <type 'str'> mi_2.9.7
2017-12-27 19:43:43 [DEBUG] [file_utils.py:135] deviceBrand:
	expect is : <type 'str'> 0
	fact   is : <type 'str'> apple
2017-12-27 19:43:43 [DEBUG] [file_utils.py:135] publisherId:
	expect is : <type 'str'> 5731
	fact   is : <type 'str'> 0
2017-12-27 19:46:03 [DEBUG] [file_utils.py:135] flow_tag_id:
	expect is : <type 'str'> 128
	fact   is : <type 'str'> 0
2017-12-27 19:46:03 [DEBUG] [file_utils.py:135] ad_num_or_jump:
	expect is : <type 'str'> 1
	fact   is : <type 'str'> 0
2017-12-27 19:46:03 [DEBUG] [file_utils.py:135] algorithm:
	expect is : <type 'str'> ad_server
	fact   is : <type 'str'> 0
2017-12-27 19:47:45 [DEBUG] [file_utils.py:135] flow_tag_id:
	expect is : <type 'str'> 128
	fact   is : <type 'str'> 0
2017-12-27 19:47:45 [DEBUG] [file_utils.py:135] algorithm:
	expect is : <type 'str'> ad_server
	fact   is : <type 'str'> 0
2017-12-27 19:48:24 [DEBUG] [file_utils.py:135] flow_tag_id:
	expect is : <type 'str'> 128
	fact   is : <type 'str'> 0
2017-12-27 19:48:24 [DEBUG] [file_utils.py:135] algorithm:
	expect is : <type 'str'> ad_server
	fact   is : <type 'str'> 0
2017-12-27 19:49:16 [DEBUG] [file_utils.py:135] flow_tag_id:
	expect is : <type 'str'> 128
	fact   is : <type 'str'> 0
2017-12-27 19:49:16 [DEBUG] [file_utils.py:135] algorithm:
	expect is : <type 'str'> ad_server
	fact   is : <type 'str'> 0
2017-12-27 19:49:48 [DEBUG] [file_utils.py:135] flow_tag_id:
	expect is : <type 'str'> 128
	fact   is : <type 'str'> 0
2017-12-27 19:49:48 [DEBUG] [file_utils.py:135] algorithm:
	expect is : <type 'str'> ad_server
	fact   is : <type 'str'> 0
2017-12-27 19:53:42 [DEBUG] [file_utils.py:135] ad_backend_config:
	expect is : <type 'str'> 8:toutiao_ios_Butterfly:3;1:mobvista_key_1:1
	fact   is : <type 'str'> 1:0:0
2017-12-27 19:53:42 [DEBUG] [file_utils.py:135] ad_backend_data:
	expect is : <type 'str'> 0
	fact   is : <type 'str'> 8,1:0:1
2017-12-27 19:55:24 [DEBUG] [file_utils.py:135] mcc_mnc:
	expect is : <type 'str'> 44050
	fact   is : <type 'str'> 0
2017-12-27 19:55:24 [DEBUG] [file_utils.py:135] deviceModel:
	expect is : <type 'str'> iPhone8%2C1
	fact   is : <type 'str'> iphone82c1
2017-12-27 19:55:24 [DEBUG] [file_utils.py:135] sdkVersion:
	expect is : <type 'str'> MI_2.9.7
	fact   is : <type 'str'> mi_2.9.7
2017-12-27 19:55:24 [DEBUG] [file_utils.py:135] deviceBrand:
	expect is : <type 'str'> 0
	fact   is : <type 'str'> apple
2017-12-27 19:56:25 [DEBUG] [file_utils.py:135] mcc_mnc:
	expect is : <type 'str'> 44050
	fact   is : <type 'str'> 0
2017-12-27 19:56:25 [DEBUG] [file_utils.py:135] deviceModel:
	expect is : <type 'str'> iPhone8%2C1
	fact   is : <type 'str'> iphone82c1
2017-12-27 19:56:25 [DEBUG] [file_utils.py:135] sdkVersion:
	expect is : <type 'str'> MI_2.9.7
	fact   is : <type 'str'> mi_2.9.7
2017-12-27 19:56:25 [DEBUG] [file_utils.py:135] deviceBrand:
	expect is : <type 'str'> 0
	fact   is : <type 'str'> apple
2017-12-27 19:58:24 [DEBUG] [file_utils.py:135] ad_backend_config:
	expect is : <type 'str'> 1:0:3
	fact   is : <type 'str'> 1:0:0
