2017-12-28 11:12:15 [DEBUG] [file_utils.py:135] return_num:
	expect is : <type 'unicode'> 1
	fact   is : <type 'unicode'> 0
2017-12-28 11:12:15 [DEBUG] [file_utils.py:135] ext_rv_template:
	expect is : <type 'unicode'> 4
	fact   is : <type 'unicode'> 0
2017-12-28 11:12:15 [DEBUG] [file_utils.py:135] template:
	expect is : <type 'unicode'> 9
	fact   is : <type 'unicode'> 2
2017-12-28 11:12:15 [DEBUG] [file_utils.py:135] normal_campaignIds_advertiserids:
	expect is : <type 'unicode'> [[160451909,457,0,0,0]]
	fact   is : <type 'unicode'> 0
2017-12-28 11:12:15 [DEBUG] [file_utils.py:135] strategy:
	expect is : <type 'unicode'> MsysSplitGoodRanker_old_1.6.1.0;10;497
	fact   is : <type 'unicode'> 0
2017-12-28 11:12:15 [DEBUG] [file_utils.py:135] return_campaignIds:
	expect is : <type 'unicode'> 160451909
	fact   is : <type 'unicode'> 0
2017-12-28 11:12:15 [DEBUG] [file_utils.py:135] ad_num_or_jump:
	expect is : <type 'unicode'> 5
	fact   is : <type 'unicode'> 0
2017-12-28 11:12:15 [DEBUG] [file_utils.py:135] imageSize:
	expect is : <type 'unicode'> 0
	fact   is : <type 'unicode'> 1200x627
2017-12-28 11:12:15 [DEBUG] [file_utils.py:135] algorithm:
	expect is : <type 'unicode'> ad_server
	fact   is : <type 'unicode'> 0
2017-12-28 11:15:01 [DEBUG] [file_utils.py:135] mcc_mnc:
	expect is : <type 'unicode'> 44050
	fact   is : <type 'unicode'> 0
2017-12-28 11:15:01 [DEBUG] [file_utils.py:135] deviceBrand:
	expect is : <type 'unicode'> 0
	fact   is : <type 'unicode'> apple
2017-12-28 11:15:01 [DEBUG] [file_utils.py:135] sdkVersion:
	expect is : <type 'unicode'> MI_2.9.7
	fact   is : <type 'unicode'> mi_2.9.7
2017-12-28 11:15:01 [DEBUG] [file_utils.py:135] deviceModel:
	expect is : <type 'unicode'> iPhone8%2C1
	fact   is : <type 'unicode'> iphone82c1
2017-12-28 11:16:02 [DEBUG] [file_utils.py:135] mcc_mnc:
	expect is : <type 'unicode'> 44050
	fact   is : <type 'unicode'> 0
2017-12-28 11:16:02 [DEBUG] [file_utils.py:135] ad_backend_config:
	expect is : <type 'unicode'> 8:toutiao_ios_Butterfly:3;1:mobvista_key_1:1
	fact   is : <type 'unicode'> 8:toutiao_ios_Butterfly:3;1:0:0
2017-12-28 11:16:02 [DEBUG] [file_utils.py:135] ad_backend:
	expect is : <type 'unicode'> 8,1
	fact   is : <type 'unicode'> 0
2017-12-28 11:16:02 [DEBUG] [file_utils.py:135] deviceBrand:
	expect is : <type 'unicode'> 0
	fact   is : <type 'unicode'> apple
2017-12-28 11:16:02 [DEBUG] [file_utils.py:135] sdkVersion:
	expect is : <type 'unicode'> MI_2.9.7
	fact   is : <type 'unicode'> mi_2.9.7
2017-12-28 11:16:02 [DEBUG] [file_utils.py:135] deviceModel:
	expect is : <type 'unicode'> iPhone8%2C1
	fact   is : <type 'unicode'> iphone82c1
2017-12-28 11:18:33 [DEBUG] [file_utils.py:135] mcc_mnc:
	expect is : <type 'unicode'> 44050
	fact   is : <type 'unicode'> 0
2017-12-28 11:18:33 [DEBUG] [file_utils.py:135] deviceBrand:
	expect is : <type 'unicode'> 0
	fact   is : <type 'unicode'> apple
2017-12-28 11:18:33 [DEBUG] [file_utils.py:135] sdkVersion:
	expect is : <type 'unicode'> MI_2.9.7
	fact   is : <type 'unicode'> mi_2.9.7
2017-12-28 11:18:33 [DEBUG] [file_utils.py:135] deviceModel:
	expect is : <type 'unicode'> iPhone8%2C1
	fact   is : <type 'unicode'> iphone82c1
