2017-12-26 14:07:57 [DEBUG] [file_utils.py:135] return_num:
	expect is : <type 'str'> 1
	fact   is : <type 'str'> 0
2017-12-26 14:07:57 [DEBUG] [file_utils.py:135] ext_rv_template:
	expect is : <type 'str'> 1
	fact   is : <type 'str'> 0
2017-12-26 14:07:57 [DEBUG] [file_utils.py:135] template:
	expect is : <type 'str'> 9
	fact   is : <type 'str'> 2
2017-12-26 14:07:57 [DEBUG] [file_utils.py:135] normal_campaignIds_advertiserids:
	expect is : <type 'str'> [[144877710,457,0,0,0]]
	fact   is : <type 'str'> 0
2017-12-26 14:07:57 [DEBUG] [file_utils.py:135] flow_tag_id:
	expect is : <type 'str'> 128
	fact   is : <type 'str'> 0
2017-12-26 14:07:57 [DEBUG] [file_utils.py:135] strategy:
	expect is : <type 'str'> MsysSplitGoodRanker_new_1.6.1.0;10;497
	fact   is : <type 'str'> 0
2017-12-26 14:07:57 [DEBUG] [file_utils.py:135] return_campaignIds:
	expect is : <type 'str'> 144877710
	fact   is : <type 'str'> 0
2017-12-26 14:07:57 [DEBUG] [file_utils.py:135] ad_num_or_jump:
	expect is : <type 'str'> 1
	fact   is : <type 'str'> 0
2017-12-26 14:07:57 [DEBUG] [file_utils.py:135] imageSize:
	expect is : <type 'str'> 0
	fact   is : <type 'str'> 1200x627
2017-12-26 14:07:57 [DEBUG] [file_utils.py:135] algorithm:
	expect is : <type 'str'> ad_server
	fact   is : <type 'str'> 0
