2017-12-29 10:29:02 [DEBUG] [file_utils.py:135] return_num:
	expect is : <type 'unicode'> 2
	fact   is : <type 'unicode'> 1
2017-12-29 10:29:02 [DEBUG] [file_utils.py:135] template:
	expect is : <type 'unicode'> 2
	fact   is : <type 'unicode'> 9
2017-12-29 10:29:02 [DEBUG] [file_utils.py:135] normal_campaignIds_advertiserids:
	expect is : <type 'unicode'> [[132096887,457,0,0,0],[160451909,457,0,0,0]]
	fact   is : <type 'unicode'> [[160451909,457,0,0,0]]
2017-12-29 10:29:02 [DEBUG] [file_utils.py:135] strategy:
	expect is : <type 'unicode'> MsysSplitGoodRanker_old_1.6.1.0;10;497
	fact   is : <type 'unicode'> MsysSplitGoodRanker_new_1.6.1.0;10;497
2017-12-29 10:29:02 [DEBUG] [file_utils.py:135] return_campaignIds:
	expect is : <type 'unicode'> 160451909,132096887
	fact   is : <type 'unicode'> 160451909
2017-12-29 10:29:02 [DEBUG] [file_utils.py:135] imageSize:
	expect is : <type 'unicode'> 1200x627
	fact   is : <type 'unicode'> 0
2017-12-29 10:33:16 [DEBUG] [file_utils.py:135] return_num:
	expect is : <type 'unicode'> 2
	fact   is : <type 'unicode'> 1
2017-12-29 10:33:16 [DEBUG] [file_utils.py:135] template:
	expect is : <type 'unicode'> 2
	fact   is : <type 'unicode'> 9
2017-12-29 10:33:16 [DEBUG] [file_utils.py:135] normal_campaignIds_advertiserids:
	expect is : <type 'unicode'> [[132096887,457,0,0,0],[160451909,457,0,0,0]]
	fact   is : <type 'unicode'> [[160451909,457,0,0,0]]
2017-12-29 10:33:16 [DEBUG] [file_utils.py:135] strategy:
	expect is : <type 'unicode'> MsysSplitGoodRanker_old_1.6.1.0;10;497
	fact   is : <type 'unicode'> MsysSplitGoodRanker_new_1.6.1.0;10;497
2017-12-29 10:33:16 [DEBUG] [file_utils.py:135] return_campaignIds:
	expect is : <type 'unicode'> 160451909,132096887
	fact   is : <type 'unicode'> 160451909
2017-12-29 10:33:16 [DEBUG] [file_utils.py:135] imageSize:
	expect is : <type 'unicode'> 1200x627
	fact   is : <type 'unicode'> 0
2017-12-29 10:33:58 [DEBUG] [file_utils.py:135] strategy:
	expect is : <type 'unicode'> MsysSplitGoodRanker_old_1.6.1.0;10;497
	fact   is : <type 'unicode'> MsysSplitGoodRanker_new_1.6.1.0;10;497
2017-12-29 10:33:58 [DEBUG] [file_utils.py:135] algorithm:
	expect is : <type 'unicode'> ad_server
	fact   is : <type 'unicode'> 0
2017-12-29 10:36:11 [DEBUG] [file_utils.py:135] strategy:
	expect is : <type 'unicode'> MsysSplitGoodRanker_old_1.6.1.0;10;497
	fact   is : <type 'unicode'> MsysSplitGoodRanker_new_1.6.1.0;10;497
2017-12-29 10:36:11 [DEBUG] [file_utils.py:135] algorithm:
	expect is : <type 'unicode'> ad_server
	fact   is : <type 'unicode'> 0
