2017-12-27 17:18:33 [DEBUG] [file_utils.py:135] return_num:
	expect is : <type 'str'> 1
	fact   is : <type 'str'> 0
2017-12-27 17:18:33 [DEBUG] [file_utils.py:135] ext_rv_template:
	expect is : <type 'str'> 4
	fact   is : <type 'str'> 0
2017-12-27 17:18:33 [DEBUG] [file_utils.py:135] normal_campaignIds_advertiserids:
	expect is : <type 'str'> [[181550270,903,0,0,0]]
	fact   is : <type 'str'> 0
2017-12-27 17:18:33 [DEBUG] [file_utils.py:135] flow_tag_id:
	expect is : <type 'str'> 128
	fact   is : <type 'str'> 0
2017-12-27 17:18:33 [DEBUG] [file_utils.py:135] strategy:
	expect is : <type 'str'> MsysSplitGoodRanker_new_1.6.1.0;10;497
	fact   is : <type 'str'> 0
2017-12-27 17:18:33 [DEBUG] [file_utils.py:135] return_campaignIds:
	expect is : <type 'str'> 181550270
	fact   is : <type 'str'> 0
2017-12-27 17:18:33 [DEBUG] [file_utils.py:135] ad_num_or_jump:
	expect is : <type 'str'> 1
	fact   is : <type 'str'> 0
2017-12-27 17:18:33 [DEBUG] [file_utils.py:135] algorithm:
	expect is : <type 'str'> ad_server
	fact   is : <type 'str'> 0
2017-12-27 17:21:01 [DEBUG] [file_utils.py:135] ad_backend_config:
	expect is : <type 'str'> 8:toutiao_ios_Butterfly:3
	fact   is : <type 'str'> 8:toutiao_ios_Butterfly:3;1:0:0
2017-12-27 17:21:01 [DEBUG] [file_utils.py:135] ad_backend:
	expect is : <type 'str'> 8
	fact   is : <type 'str'> 8,1
2017-12-27 17:21:01 [DEBUG] [file_utils.py:135] deviceModel:
	expect is : <type 'str'> iPhone8%2C1
	fact   is : <type 'str'> iphone82c1
2017-12-27 17:21:01 [DEBUG] [file_utils.py:135] sdkVersion:
	expect is : <type 'str'> MI_2.9.7
	fact   is : <type 'str'> mi_2.9.7
2017-12-27 17:21:01 [DEBUG] [file_utils.py:135] deviceBrand:
	expect is : <type 'str'> 0
	fact   is : <type 'str'> apple
2017-12-27 17:21:01 [DEBUG] [file_utils.py:135] publisherId:
	expect is : <type 'str'> 5731
	fact   is : <type 'str'> 0
2017-12-27 17:26:35 [DEBUG] [file_utils.py:135] mcc_mnc:
	expect is : <type 'str'> 44050
	fact   is : <type 'str'> 0
2017-12-27 17:26:35 [DEBUG] [file_utils.py:135] deviceModel:
	expect is : <type 'str'> iPhone8%2C1
	fact   is : <type 'str'> iphone82c1
2017-12-27 17:26:35 [DEBUG] [file_utils.py:135] sdkVersion:
	expect is : <type 'str'> MI_2.9.7
	fact   is : <type 'str'> mi_2.9.7
2017-12-27 17:26:35 [DEBUG] [file_utils.py:135] deviceBrand:
	expect is : <type 'str'> 0
	fact   is : <type 'str'> apple
2017-12-27 17:28:07 [DEBUG] [file_utils.py:135] mcc_mnc:
	expect is : <type 'str'> 44050
	fact   is : <type 'str'> 0
2017-12-27 17:28:07 [DEBUG] [file_utils.py:135] ad_backend_config:
	expect is : <type 'str'> 8:toutiao_ios_Butterfly:3
	fact   is : <type 'str'> :0:2
2017-12-27 17:28:07 [DEBUG] [file_utils.py:135] ad_backend:
	expect is : <type 'str'> 8
	fact   is : <type 'str'> 0
2017-12-27 17:28:07 [DEBUG] [file_utils.py:135] deviceModel:
	expect is : <type 'str'> iPhone8%2C1
	fact   is : <type 'str'> iphone82c1
2017-12-27 17:28:07 [DEBUG] [file_utils.py:135] ad_backend_data:
	expect is : <type 'str'> 0
	fact   is : <type 'str'> :0:1
2017-12-27 17:28:07 [DEBUG] [file_utils.py:135] sdkVersion:
	expect is : <type 'str'> MI_2.9.7
	fact   is : <type 'str'> mi_2.9.7
2017-12-27 17:28:07 [DEBUG] [file_utils.py:135] deviceBrand:
	expect is : <type 'str'> 0
	fact   is : <type 'str'> apple
2017-12-27 17:31:54 [DEBUG] [file_utils.py:135] mcc_mnc:
	expect is : <type 'str'> 44050
	fact   is : <type 'str'> 0
2017-12-27 17:31:54 [DEBUG] [file_utils.py:135] deviceModel:
	expect is : <type 'str'> iPhone8%2C1
	fact   is : <type 'str'> iphone82c1
2017-12-27 17:31:54 [DEBUG] [file_utils.py:135] sdkVersion:
	expect is : <type 'str'> MI_2.9.7
	fact   is : <type 'str'> mi_2.9.7
2017-12-27 17:31:54 [DEBUG] [file_utils.py:135] deviceBrand:
	expect is : <type 'str'> 0
	fact   is : <type 'str'> apple
