2017-12-27 14:06:41 [DEBUG] [file_utils.py:135] flow_tag_id:
	expect is : <type 'str'> 128
	fact   is : <type 'str'> 0
2017-12-27 14:06:41 [DEBUG] [file_utils.py:135] ad_num_or_jump:
	expect is : <type 'str'> 1
	fact   is : <type 'str'> 0
2017-12-27 14:06:41 [DEBUG] [file_utils.py:135] algorithm:
	expect is : <type 'str'> ad_server
	fact   is : <type 'str'> 0
2017-12-27 14:08:26 [DEBUG] [file_utils.py:135] flow_tag_id:
	expect is : <type 'str'> 128
	fact   is : <type 'str'> 0
2017-12-27 14:08:26 [DEBUG] [file_utils.py:135] algorithm:
	expect is : <type 'str'> ad_server
	fact   is : <type 'str'> 0
2017-12-27 14:09:51 [DEBUG] [file_utils.py:135] ext_endcard:
	expect is : <type 'str'> B5
	fact   is : <type 'str'> 5
2017-12-27 14:09:51 [DEBUG] [file_utils.py:135] flow_tag_id:
	expect is : <type 'str'> 128
	fact   is : <type 'str'> 0
2017-12-27 14:09:51 [DEBUG] [file_utils.py:135] jump_type:
	expect is : <type 'str'> 5
	fact   is : <type 'str'> 1
2017-12-27 14:09:51 [DEBUG] [file_utils.py:135] algorithm:
	expect is : <type 'str'> ad_server
	fact   is : <type 'str'> 0
2017-12-27 14:11:05 [DEBUG] [file_utils.py:135] ext_endcard:
	expect is : <type 'str'> B5
	fact   is : <type 'str'> 5
2017-12-27 14:11:05 [DEBUG] [file_utils.py:135] flow_tag_id:
	expect is : <type 'str'> 128
	fact   is : <type 'str'> 0
2017-12-27 14:11:05 [DEBUG] [file_utils.py:135] useragent:
	expect is : <type 'str'> 0
	fact   is : <type 'str'> python-requests/2.13.0
2017-12-27 14:11:05 [DEBUG] [file_utils.py:135] jump_type:
	expect is : <type 'str'> 5
	fact   is : <type 'str'> 1
2017-12-27 14:11:05 [DEBUG] [file_utils.py:135] algorithm:
	expect is : <type 'str'> ad_server
	fact   is : <type 'str'> 0
2017-12-27 14:26:57 [DEBUG] [file_utils.py:135] date:
	expect is : <type 'str'> 2017-12-27 06:04:17
	fact   is : <type 'str'> 2017-12-27 06:04:35
2017-12-27 14:26:57 [DEBUG] [file_utils.py:135] deviceModel:
	expect is : <type 'str'> iPhone8%2C1
	fact   is : <type 'str'> iphone82c1
2017-12-27 14:26:57 [DEBUG] [file_utils.py:135] sdkVersion:
	expect is : <type 'str'> MI_2.9.7
	fact   is : <type 'str'> mi_2.9.7
2017-12-27 14:26:57 [DEBUG] [file_utils.py:135] deviceBrand:
	expect is : <type 'str'> 0
	fact   is : <type 'str'> apple
2017-12-27 14:26:57 [DEBUG] [file_utils.py:135] publisherId:
	expect is : <type 'str'> 5731
	fact   is : <type 'str'> 0
2017-12-27 14:27:16 [DEBUG] [file_utils.py:135] deviceModel:
	expect is : <type 'str'> iPhone8%2C1
	fact   is : <type 'str'> iphone82c1
2017-12-27 14:27:16 [DEBUG] [file_utils.py:135] sdkVersion:
	expect is : <type 'str'> MI_2.9.7
	fact   is : <type 'str'> mi_2.9.7
2017-12-27 14:27:16 [DEBUG] [file_utils.py:135] deviceBrand:
	expect is : <type 'str'> 0
	fact   is : <type 'str'> apple
2017-12-27 14:27:16 [DEBUG] [file_utils.py:135] publisherId:
	expect is : <type 'str'> 5731
	fact   is : <type 'str'> 0
2017-12-27 14:29:35 [DEBUG] [file_utils.py:135] ad_backend_config:
	expect is : <type 'str'> 8:toutiao_ios_Butterfly:3;1:0:0
	fact   is : <type 'str'> 0
2017-12-27 14:29:35 [DEBUG] [file_utils.py:135] ad_backend:
	expect is : <type 'str'> 8,1
	fact   is : <type 'str'> Array
2017-12-27 14:29:35 [DEBUG] [file_utils.py:135] true_num:
	expect is : <type 'str'> 3
	fact   is : <type 'str'> 0
2017-12-27 14:29:35 [DEBUG] [file_utils.py:135] request_num:
	expect is : <type 'str'> 1
	fact   is : <type 'str'> 0
2017-12-27 14:30:59 [DEBUG] [file_utils.py:135] mcc_mnc:
	expect is : <type 'str'> 44050
	fact   is : <type 'str'> 0
2017-12-27 14:30:59 [DEBUG] [file_utils.py:135] ad_backend:
	expect is : <type 'str'> 8
	fact   is : <type 'str'> 8,1
2017-12-27 14:30:59 [DEBUG] [file_utils.py:135] deviceModel:
	expect is : <type 'str'> iPhone8%2C1
	fact   is : <type 'str'> iphone82c1
2017-12-27 14:30:59 [DEBUG] [file_utils.py:135] sdkVersion:
	expect is : <type 'str'> MI_2.9.7
	fact   is : <type 'str'> mi_2.9.7
2017-12-27 14:30:59 [DEBUG] [file_utils.py:135] deviceBrand:
	expect is : <type 'str'> 0
	fact   is : <type 'str'> apple
2017-12-27 14:32:00 [DEBUG] [file_utils.py:135] mcc_mnc:
	expect is : <type 'str'> 44050
	fact   is : <type 'str'> 0
2017-12-27 14:32:00 [DEBUG] [file_utils.py:135] ad_backend:
	expect is : <type 'str'> 8
	fact   is : <type 'str'> 8,1
2017-12-27 14:32:00 [DEBUG] [file_utils.py:135] deviceModel:
	expect is : <type 'str'> iPhone8%2C1
	fact   is : <type 'str'> iphone82c1
2017-12-27 14:32:00 [DEBUG] [file_utils.py:135] sdkVersion:
	expect is : <type 'str'> MI_2.9.7
	fact   is : <type 'str'> mi_2.9.7
2017-12-27 14:32:00 [DEBUG] [file_utils.py:135] deviceBrand:
	expect is : <type 'str'> 0
	fact   is : <type 'str'> apple
2017-12-27 14:33:15 [DEBUG] [file_utils.py:135] ad_backend_config:
	expect is : <type 'str'> 1:0:3
	fact   is : <type 'str'> 1:0:0
2017-12-27 14:33:15 [DEBUG] [file_utils.py:135] ad_backend:
	expect is : <type 'str'> 1
	fact   is : <type 'str'> 8,1
2017-12-27 14:33:51 [DEBUG] [file_utils.py:135] ad_backend_config:
	expect is : <type 'str'> 1:0:3
	fact   is : <type 'str'> 1:0:0
2017-12-27 14:33:51 [DEBUG] [file_utils.py:135] ad_backend:
	expect is : <type 'str'> 1
	fact   is : <type 'str'> 8,1
