2017-12-28 20:01:51 [DEBUG] [file_utils.py:135] return_num:
	expect is : <type 'unicode'> 2
	fact   is : <type 'unicode'> 1
2017-12-28 20:01:51 [DEBUG] [file_utils.py:135] template:
	expect is : <type 'unicode'> 2
	fact   is : <type 'unicode'> 9
2017-12-28 20:01:51 [DEBUG] [file_utils.py:135] normal_campaignIds_advertiserids:
	expect is : <type 'unicode'> [[132096887,457,0,0,0],[160451909,457,0,0,0]]
	fact   is : <type 'unicode'> [[160451909,457,0,0,0]]
2017-12-28 20:01:51 [DEBUG] [file_utils.py:135] return_campaignIds:
	expect is : <type 'unicode'> 160451909,132096887
	fact   is : <type 'unicode'> 160451909
2017-12-28 20:01:51 [DEBUG] [file_utils.py:135] ad_num_or_jump:
	expect is : <type 'unicode'> 5
	fact   is : <type 'unicode'> 0
2017-12-28 20:01:51 [DEBUG] [file_utils.py:135] imageSize:
	expect is : <type 'unicode'> 1200x627
	fact   is : <type 'unicode'> 0
2017-12-28 20:01:51 [DEBUG] [file_utils.py:135] algorithm:
	expect is : <type 'unicode'> ad_server
	fact   is : <type 'unicode'> 0
2017-12-28 20:08:42 [DEBUG] [file_utils.py:135] deviceBrand:
	expect is : <type 'unicode'> 0
	fact   is : <type 'unicode'> apple
2017-12-28 20:08:42 [DEBUG] [file_utils.py:135] ad_backend_data:
	expect is : <type 'unicode'> 8:10895195759:1;1:160451909:1;1:132096887:0
	fact   is : <type 'unicode'> 8:10895195759:1;1:160451909:1
2017-12-28 20:08:42 [DEBUG] [file_utils.py:135] sdkVersion:
	expect is : <type 'unicode'> MI_2.9.7
	fact   is : <type 'unicode'> mi_2.9.7
2017-12-28 20:08:42 [DEBUG] [file_utils.py:135] deviceModel:
	expect is : <type 'unicode'> iPhone8%2C1
	fact   is : <type 'unicode'> iphone82c1
2017-12-28 20:14:02 [DEBUG] [file_utils.py:135] return_num:
	expect is : <type 'unicode'> 2
	fact   is : <type 'unicode'> 1
2017-12-28 20:14:02 [DEBUG] [file_utils.py:135] template:
	expect is : <type 'unicode'> 2
	fact   is : <type 'unicode'> 9
2017-12-28 20:14:02 [DEBUG] [file_utils.py:135] normal_campaignIds_advertiserids:
	expect is : <type 'unicode'> [[132096887,457,0,0,0],[160451909,457,0,0,0]]
	fact   is : <type 'unicode'> [[160451909,457,0,0,0]]
2017-12-28 20:14:02 [DEBUG] [file_utils.py:135] return_campaignIds:
	expect is : <type 'unicode'> 160451909,132096887
	fact   is : <type 'unicode'> 160451909
2017-12-28 20:14:02 [DEBUG] [file_utils.py:135] imageSize:
	expect is : <type 'unicode'> 1200x627
	fact   is : <type 'unicode'> 0
2017-12-28 20:14:02 [DEBUG] [file_utils.py:135] algorithm:
	expect is : <type 'unicode'> ad_server
	fact   is : <type 'unicode'> 0
2017-12-28 20:18:30 [DEBUG] [file_utils.py:135] return_num:
	expect is : <type 'unicode'> 2
	fact   is : <type 'unicode'> 1
2017-12-28 20:18:30 [DEBUG] [file_utils.py:135] template:
	expect is : <type 'unicode'> 2
	fact   is : <type 'unicode'> 9
2017-12-28 20:18:30 [DEBUG] [file_utils.py:135] normal_campaignIds_advertiserids:
	expect is : <type 'unicode'> [[132096887,457,0,0,0],[160451909,457,0,0,0]]
	fact   is : <type 'unicode'> [[160451909,457,0,0,0]]
2017-12-28 20:18:30 [DEBUG] [file_utils.py:135] return_campaignIds:
	expect is : <type 'unicode'> 160451909,132096887
	fact   is : <type 'unicode'> 160451909
2017-12-28 20:18:30 [DEBUG] [file_utils.py:135] imageSize:
	expect is : <type 'unicode'> 1200x627
	fact   is : <type 'unicode'> 0
2017-12-28 20:18:30 [DEBUG] [file_utils.py:135] algorithm:
	expect is : <type 'unicode'> ad_server
	fact   is : <type 'unicode'> 0
2017-12-28 20:19:07 [DEBUG] [file_utils.py:135] algorithm:
	expect is : <type 'unicode'> ad_server
	fact   is : <type 'unicode'> 0
2017-12-28 20:19:36 [DEBUG] [file_utils.py:135] algorithm:
	expect is : <type 'unicode'> ad_server
	fact   is : <type 'unicode'> 0
2017-12-28 20:22:02 [DEBUG] [file_utils.py:135] mcc_mnc:
	expect is : <type 'unicode'> 44050
	fact   is : <type 'unicode'> 0
2017-12-28 20:22:02 [DEBUG] [file_utils.py:135] deviceBrand:
	expect is : <type 'unicode'> 0
	fact   is : <type 'unicode'> apple
2017-12-28 20:22:02 [DEBUG] [file_utils.py:135] sdkVersion:
	expect is : <type 'unicode'> MI_2.9.7
	fact   is : <type 'unicode'> mi_2.9.7
2017-12-28 20:22:02 [DEBUG] [file_utils.py:135] deviceModel:
	expect is : <type 'unicode'> iPhone8%2C1
	fact   is : <type 'unicode'> iphone82c1
2017-12-28 20:23:45 [DEBUG] [file_utils.py:135] ad_backend_config:
	expect is : <type 'unicode'> 1:0:3
	fact   is : <type 'unicode'> 1:mobvista_key_1:3
2017-12-28 20:24:14 [DEBUG] [file_utils.py:135] ad_backend_config:
	expect is : <type 'unicode'> 1:0:3
	fact   is : <type 'unicode'> 1:mobvista_key_1:3
