2017-12-28 10:17:46 [DEBUG] [file_utils.py:135] ad_backend_config:
	expect is : <type 'unicode'> 8:toutiao_ios_Butterfly:3;1:mobvista_key_1:1
	fact   is : <type 'unicode'> 8:toutiao_ios_Butterfly:3;1:0:0
2017-12-28 10:17:46 [DEBUG] [file_utils.py:135] deviceBrand:
	expect is : <type 'unicode'> 0
	fact   is : <type 'unicode'> apple
2017-12-28 10:17:46 [DEBUG] [file_utils.py:135] ad_backend_data:
	expect is : <type 'unicode'> 8:10895195759:1;1:190114124:0
	fact   is : <type 'unicode'> 8:10895195759:1;1:181550270:0
2017-12-28 10:17:46 [DEBUG] [file_utils.py:135] sdkVersion:
	expect is : <type 'unicode'> MI_2.9.7
	fact   is : <type 'unicode'> mi_2.9.7
2017-12-28 10:17:46 [DEBUG] [file_utils.py:135] deviceModel:
	expect is : <type 'unicode'> iPhone8%2C1
	fact   is : <type 'unicode'> iphone82c1
2017-12-28 10:35:54 [DEBUG] [file_utils.py:135] ad_backend_config:
	expect is : <type 'unicode'> 8:toutiao_ios_Butterfly:3;1:mobvista_key_1:1
	fact   is : <type 'unicode'> 8:toutiao_ios_Butterfly:3;1:0:0
2017-12-28 10:35:54 [DEBUG] [file_utils.py:135] deviceBrand:
	expect is : <type 'unicode'> 0
	fact   is : <type 'unicode'> apple
2017-12-28 10:35:54 [DEBUG] [file_utils.py:135] ad_backend_data:
	expect is : <type 'unicode'> 8:10895195759:1;1:190114124:0
	fact   is : <type 'unicode'> 8:10895195759:1;1:181550270:0
2017-12-28 10:35:54 [DEBUG] [file_utils.py:135] sdkVersion:
	expect is : <type 'unicode'> MI_2.9.7
	fact   is : <type 'unicode'> mi_2.9.7
2017-12-28 10:35:54 [DEBUG] [file_utils.py:135] deviceModel:
	expect is : <type 'unicode'> iPhone8%2C1
	fact   is : <type 'unicode'> iphone82c1
