2018-03-05 18:32:22 [DEBUG] [file_utils.py:135] unSupportSdkTruenum:
	expect is : <type 'int'> 0
	fact   is : <type 'NoneType'> None
2018-03-05 18:32:22 [DEBUG] [file_utils.py:135] GP_version:
	expect is : <type 'str'> 8.1.73.S-all%20%5B0%5D%20%5BFP%5D%20165518514
	fact   is : <type 'str'> 
2018-03-05 18:32:22 [DEBUG] [file_utils.py:135] networkId:
	expect is : <type 'int'> 0
	fact   is : <type 'NoneType'> None
2018-03-05 18:32:22 [DEBUG] [file_utils.py:135] cityCode:
	expect is : <type 'int'> 390
	fact   is : <type 'NoneType'> None
2018-03-05 18:32:22 [DEBUG] [file_utils.py:135] sdkVersion:
	expect is : <type 'str'> mal_8.4.0
	fact   is : <type 'str'> MAL_8.4.0
2018-03-05 18:32:22 [DEBUG] [file_utils.py:135] devId:
	expect is : <type 'str'> ccf785f98e92d84b
	fact   is : <type 'str'> 
2018-03-05 18:32:22 [DEBUG] [file_utils.py:135] timezone:
	expect is : <type 'str'> GMT%2B08%3A00
	fact   is : <type 'NoneType'> None
2018-03-05 18:32:22 [DEBUG] [file_utils.py:135] rankerInfo:
	expect is : <type 'str'> {"power_rate":0,"charging":0,"total_memory":"","residual_memory":"","cid":"","lat":"","lng":"","gpst":"","gps_accuracy":"","gps_type":""}
	fact   is : <type 'str'> {"power_rate":0,"charging":0,"total_memory":"","residual_memory":"","cid":"","lat":"","lng":"","gpst":"","gps_accuracy":"","gps_type":"\u0000"}
2018-03-05 18:32:22 [DEBUG] [file_utils.py:135] deviceModel:
	expect is : <type 'str'> nexus205x
	fact   is : <type 'str'> Nexus%205X
2018-03-05 18:32:22 [DEBUG] [file_utils.py:135] osVersionCode:
	expect is : <type 'int'> 23
	fact   is : <type 'int'> 0
2018-03-05 18:32:22 [DEBUG] [file_utils.py:135] osVersionCodeV2:
	expect is : <type 'int'> 6000100
	fact   is : <type 'int'> 0
2018-03-05 18:32:22 [DEBUG] [file_utils.py:135] deviceBrand:
	expect is : <type 'str'> google
	fact   is : <type 'NoneType'> None
2018-03-05 18:32:22 [DEBUG] [file_utils.py:135] ua:
	expect is : <type 'str'> Mozilla%2F5.0%20%28Linux%3B%20Android%206.0.1%3B%20Nexus%205X%20Build%2FMTC19T%3B%20wv%29%20AppleWebKit%2F537.36%20%28KHTML%2C%20like%20Gecko%29%20Version%2F4.0%20Chrome%2F60.0.3112.116%20Mobile%20Safari%2F537.36
	fact   is : <type 'NoneType'> None
2018-03-05 18:32:22 [DEBUG] [file_utils.py:135] unitSize:
	expect is : <type 'str'> 540x960
	fact   is : <type 'NoneType'> None
2018-03-05 18:32:22 [DEBUG] [file_utils.py:135] realAppId:
	expect is : <type 'int'> 0
	fact   is : <type 'NoneType'> None
2018-03-05 18:32:22 [DEBUG] [file_utils.py:135] adnServerIp:
	expect is : <type 'str'> 192.168.1.185
	fact   is : <type 'str'> 13.228.233.14
2018-03-05 18:32:22 [DEBUG] [file_utils.py:135] idfa:
	expect is : <type 'str'> 
	fact   is : <type 'NoneType'> None
