2018-03-06 17:11:47 [DEBUG] [file_utils.py:135] showedCampaignIdList:
	expect is : <type 'list'> [177536538]
	fact   is : <type 'NoneType'> None
2018-03-06 17:11:47 [DEBUG] [file_utils.py:135] unSupportSdkTruenum:
	expect is : <type 'int'> 0
	fact   is : <type 'int'> 1
2018-03-06 17:11:47 [DEBUG] [file_utils.py:135] GP_version:
	expect is : <type 'str'> 8.1.73.S-all%20%5B0%5D%20%5BFP%5D%20165518514
	fact   is : <type 'str'> 
2018-03-06 17:11:47 [DEBUG] [file_utils.py:135] sdkVersion:
	expect is : <type 'str'> mal_8.4.0
	fact   is : <type 'str'> MAL_8.4.0
2018-03-06 17:11:47 [DEBUG] [file_utils.py:135] devId:
	expect is : <type 'str'> ccf785f98e92d84b
	fact   is : <type 'str'> 
2018-03-06 17:11:47 [DEBUG] [file_utils.py:135] rankerInfo:
	expect is : <type 'str'> {"power_rate":0,"charging":0,"total_memory":"","residual_memory":"","cid":"","lat":"","lng":"","gpst":"","gps_accuracy":"","gps_type":""}
	fact   is : <type 'str'> {"power_rate":0,"charging":0,"total_memory":"","residual_memory":"","cid":"","lat":"","lng":"","gpst":"","gps_accuracy":"","gps_type":"\u0000"}
2018-03-06 17:11:47 [DEBUG] [file_utils.py:135] deviceModel:
	expect is : <type 'str'> nexus205x
	fact   is : <type 'str'> Nexus%205X
2018-03-06 17:11:47 [DEBUG] [file_utils.py:135] osVersionCode:
	expect is : <type 'int'> 23
	fact   is : <type 'int'> 0
2018-03-06 17:11:47 [DEBUG] [file_utils.py:135] preclickCampaignIds:
	expect is : <type 'list'> [177536538]
	fact   is : <type 'NoneType'> None
2018-03-06 17:11:47 [DEBUG] [file_utils.py:135] osVersionCodeV2:
	expect is : <type 'int'> 6000100
	fact   is : <type 'int'> 0
2018-03-06 17:11:47 [DEBUG] [file_utils.py:135] unitSize:
	expect is : <type 'str'> 540x960
	fact   is : <type 'str'> 
2018-03-06 17:11:47 [DEBUG] [file_utils.py:135] adnServerIp:
	expect is : <type 'str'> 192.168.1.185
	fact   is : <type 'str'> 13.228.233.14
2018-03-06 17:22:41 [DEBUG] [file_utils.py:135] 65.i32:
	expect is : <type 'int'> 0
	fact   is : <type 'int'> 1
2018-03-06 17:22:41 [DEBUG] [file_utils.py:135] 68.i32:
	expect is : <type 'int'> 6000100
	fact   is : <type 'int'> 0
2018-03-06 17:22:41 [DEBUG] [file_utils.py:135] 20.str:
	expect is : <type 'str'> nexus205x
	fact   is : <type 'str'> Nexus%205X
2018-03-06 17:22:41 [DEBUG] [file_utils.py:135] 28.str:
	expect is : <type 'str'> 192.168.1.185
	fact   is : <type 'str'> 13.228.233.14
2018-03-06 17:22:41 [DEBUG] [file_utils.py:135] 13.str:
	expect is : <type 'str'> mal_8.4.0
	fact   is : <type 'str'> MAL_8.4.0
2018-03-06 17:22:41 [DEBUG] [file_utils.py:135] 19.str:
	expect is : <type 'str'> ccf785f98e92d84b
	fact   is : <type 'str'> 
2018-03-06 17:22:41 [DEBUG] [file_utils.py:135] 46.str:
	expect is : <type 'str'> 540x960
	fact   is : <type 'str'> 
2018-03-06 17:22:41 [DEBUG] [file_utils.py:135] 45.str:
	expect is : <type 'str'> 5a9e5aae4e5242518d6f8f9a
	fact   is : <type 'str'> 5a9e5ac24e524215859fb2ff
2018-03-06 17:22:41 [DEBUG] [file_utils.py:135] 40.i32:
	expect is : <type 'int'> 23
	fact   is : <type 'int'> 0
2018-03-06 17:22:41 [DEBUG] [file_utils.py:135] 1.i64:
	expect is : <type 'int'> 1520327342
	fact   is : <type 'int'> 1520327362
2018-03-06 17:22:41 [DEBUG] [file_utils.py:135] 75.str:
	expect is : <type 'str'> {"power_rate":0,"charging":0,"total_memory":"","residual_memory":"","cid":"","lat":"","lng":"","gpst":"","gps_accuracy":"","gps_type":""}
	fact   is : <type 'str'> {"power_rate":0,"charging":0,"total_memory":"","residual_memory":"","cid":"","lat":"","lng":"","gpst":"","gps_accuracy":"","gps_type":"\u0000"}
2018-03-06 17:22:41 [DEBUG] [file_utils.py:135] 33.str:
	expect is : <type 'str'> 5a9e5aae4e5242518d56f8f7
	fact   is : <type 'str'> 5a9e5ac24e524215859fb300
2018-03-06 17:22:41 [DEBUG] [file_utils.py:135] 36.str:
	expect is : <type 'str'> 8.1.73.S-all%20%5B0%5D%20%5BFP%5D%20165518514
	fact   is : <type 'str'> 
2018-03-06 17:22:41 [DEBUG] [file_utils.py:135] 34.str:
	expect is : <type 'str'> 5a9e5aae4e5242518d56f8f8
	fact   is : <type 'str'> 5a9e5ac24e524215859fb301
